
--- Job stochastic2.gms Start 06/06/16 23:58:26 24.1.2 r40979 WEX-WEI x86_64/MS Windows
GAMS 24.1.2   Copyright (C) 1987-2013 GAMS Development. All rights reserved
Licensee: Gary Goldstein                                 G010614:2121CA-WIN
          Decision Ware, Inc.                                        DC2807
--- Starting compilation
--- stochastic2.gms(15) 2 Mb
--- call gdxxrw.exe Data.xlsx @stochastic.txt

GDXXRW           24.1.2 r40979 Released Jun 16, 2013 VS8 x86/MS Windows       
Input file : C:\Users\RAYAN POOYESH\Documents\gamsdir\stochastic2\Data.xlsx
Output file: C:\Users\RAYAN POOYESH\Documents\gamsdir\stochastic2\Data.gdx
Total time = 516 Ms
--- stochastic2.gms(16) 2 Mb
--- GDXin=C:\Users\RAYAN POOYESH\Documents\gamsdir\stochastic2\Data.gdx
--- stochastic2.gms(53) 3 Mb
--- call gdxxrw.exe Data.xlsx @stochastic.txt

GDXXRW           24.1.2 r40979 Released Jun 16, 2013 VS8 x86/MS Windows       
Input file : C:\Users\RAYAN POOYESH\Documents\gamsdir\stochastic2\Data.xlsx
Output file: C:\Users\RAYAN POOYESH\Documents\gamsdir\stochastic2\Data.gdx
Total time = 703 Ms
--- stochastic2.gms(54) 3 Mb
--- GDXin=C:\Users\RAYAN POOYESH\Documents\gamsdir\stochastic2\Data.gdx
--- stochastic2.gms(274) 4 Mb
--- Starting execution: elapsed 0:00:01.353
--- stochastic2.gms(264) 4 Mb
--- Generating MIP model stochastic
--- stochastic2.gms(265) 62 Mb
---   209,956 rows  107,597 columns  560,467 non-zeroes
---   70,224 discrete-columns
--- Executing CPLEX: elapsed 0:00:07.835

IBM ILOG CPLEX   24.1.2 r40979 Released Jun 16, 2013 WEI x86_64/MS Windows    
--- GAMS/Cplex licensed for continuous and discrete problems.
Cplex 12.5.1.0

Reading data...
Starting Cplex...
Tried aggregator 8 times.
MIP Presolve eliminated 7291 rows and 4349 columns.
MIP Presolve modified 58384 coefficients.
Aggregator did 17616 substitutions.
Reduced MIP has 185049 rows, 85632 columns, and 506978 nonzeros.
Reduced MIP has 68440 binaries, 0 generals, 0 SOSs, and 0 indicators.
Presolve time = 1.45 sec. (773.03 ticks)
Probing fixed 0 vars, tightened 1 bounds.
Probing time = 0.06 sec. (25.40 ticks)
Tried aggregator 4 times.
MIP Presolve eliminated 174 rows and 0 columns.
MIP Presolve modified 660 coefficients.
Aggregator did 246 substitutions.
Reduced MIP has 184629 rows, 85386 columns, and 506138 nonzeros.
Reduced MIP has 68440 binaries, 0 generals, 0 SOSs, and 0 indicators.
Presolve time = 0.78 sec. (379.52 ticks)
Probing fixed 0 vars, tightened 6 bounds.
Probing time = 0.06 sec. (38.03 ticks)
MIP emphasis: balance optimality and feasibility.
MIP search method: dynamic search.
Parallel mode: none, using 1 thread.
Tried aggregator 1 time.
LP Presolve eliminated 2 rows and 0 columns.
Aggregator did 7 substitutions.
Reduced LP has 184620 rows, 85379 columns, and 506120 nonzeros.
Presolve time = 0.19 sec. (106.74 ticks)
Initializing dual steep norms . . .

Iteration log . . .
Iteration:     1   Scaled dual infeas =            13.850000
Iteration:    99   Dual objective     =       -176190.034000
Perturbation started.
Iteration:   806   Dual objective     =         15676.127500
Iteration:  1682   Dual objective     =         15714.086091
Iteration:  2380   Dual objective     =         15739.042437
Iteration:  3230   Dual objective     =         15774.453629
Iteration:  4091   Dual objective     =         15866.678325
Iteration:  4938   Dual objective     =         15967.350893
Iteration:  5808   Dual objective     =         16115.224730
Iteration:  6662   Dual objective     =         16194.688497
Iteration:  7510   Dual objective     =         16250.257082
Iteration:  8360   Dual objective     =         16320.227812
Iteration:  9249   Dual objective     =         16367.339264
Iteration: 10188   Dual objective     =         16383.893726
Iteration: 11029   Dual objective     =         16411.705403
Iteration: 11862   Dual objective     =         16418.714771
Iteration: 12724   Dual objective     =         16428.675117
Iteration: 13582   Dual objective     =         16441.336632
Iteration: 14450   Dual objective     =         16449.849473
Iteration: 15292   Dual objective     =         16473.798116
Iteration: 15637   Dual objective     =         16479.905511
Iteration: 16697   Dual objective     =         16502.509233
Iteration: 17296   Dual objective     =         16572.411482
Iteration: 17654   Dual objective     =         16592.808322
Iteration: 18713   Dual objective     =         16621.876344
Iteration: 21085   Dual objective     =         16623.226062
Iteration: 23887   Dual objective     =         16623.326202
Iteration: 26559   Dual objective     =         16623.526326
Iteration: 29375   Dual objective     =         16623.526430
Iteration: 32194   Dual objective     =         16623.526518
Elapsed time = 29.19 sec. (10000.01 ticks, 34331 iterations)
Iteration: 35021   Dual objective     =         16623.526595
Iteration: 37852   Dual objective     =         16623.526663
Iteration: 40687   Dual objective     =         16623.526718
Iteration: 43526   Dual objective     =         16623.526764
Iteration: 46369   Dual objective     =         16623.526799
Iteration: 49216   Dual objective     =         16623.526825
Iteration: 52054   Dual objective     =         16623.526842
Elapsed time = 65.52 sec. (20000.42 ticks, 53443 iterations)
Iteration: 54909   Dual objective     =         16623.526849
Removing perturbation.
Initializing dual steep norms . . .

Iteration log . . .
Iteration:     0   Dual objective     =         16623.350000

Iteration log . . .
Iteration:     0   Dual objective     =         16623.350000

Iteration log . . .
Iteration:     0   Dual objective     =         16623.350000

Iteration log . . .
Iteration:     0   Dual objective     =         16623.350000

Iteration log . . .
Iteration:     0   Dual objective     =         16623.350000

Iteration log . . .
Iteration:     0   Dual objective     =         16623.350000

Iteration log . . .
Iteration:     0   Dual objective     =         16623.350000

Iteration log . . .
Iteration:     0   Dual objective     =         16623.350000

Iteration log . . .
Iteration:     0   Dual objective     =         16623.350000

Iteration log . . .
Iteration:     0   Dual objective     =         16623.350000

Iteration log . . .
Iteration:     0   Dual objective     =         16623.350000
Root relaxation solution time = 128.89 sec. (108601.15 ticks)

        Nodes                                         Cuts/
   Node  Left     Objective  IInf  Best Integer    Best Bound    ItCnt     Gap

      0     0    16623.3500  1481                  16623.3500    55511         
*     0+    0                        18267.5500    16623.3500    55511    9.00%
Found incumbent of value 18267.550000 after 154.27 sec. (118715.83 ticks)
      0     0    16623.4670  1676    18267.5500    Cuts: 7451    57567    9.00%
      0     0    16663.0836  1410    18267.5500    Cuts: 2202    59424    8.78%
*     0+    0                        18135.0000    16663.0836    59424    8.12%
Found incumbent of value 18135.000000 after 196.56 sec. (141215.02 ticks)
      0     0    16664.6137  1477    18135.0000     Cuts: 648    60116    8.11%
      0     0    16666.5459  1490    18135.0000     Cuts: 375    60486    8.10%
      0     0    16666.7619  1497    18135.0000     Cuts: 132    60630    8.10%
*     0+    0                        17808.3000    16666.7619    60630    6.41%
Found incumbent of value 17808.300000 after 274.99 sec. (167967.38 ticks)
Heuristic still looking.
      0     2    16666.7619  1211    17808.3000    16666.8027    60630    6.41%
Elapsed time = 346.50 sec. (192317.57 ticks, tree = 0.00 MB, solutions = 3)
      2     4    16668.6845  1224    17808.3000    16667.8257    60983    6.40%
      4     6    16677.5522  1243    17808.3000    16668.6248    61187    6.40%
      5     7    16670.0015  1223    17808.3000    16669.5510    61356    6.39%
      7     9    16670.9211  1267    17808.3000    16669.5510    61764    6.39%
      8    10    16673.1203  1256    17808.3000    16669.5510    62206    6.39%
     10    12    16674.7096  1299    17808.3000    16669.5510    62544    6.39%
     11    13    16673.8873  1284    17808.3000    16669.5510    62635    6.39%
     12    14    16679.1859  1262    17808.3000    16669.5510    62806    6.39%
     15    17    16677.1626  1280    17808.3000    16669.5510    63034    6.39%
     19    21    16678.9385  1263    17808.3000    16669.5510    63560    6.39%
Elapsed time = 354.38 sec. (197201.64 ticks, tree = 5.01 MB, solutions = 3)
     20    22    16682.4385  1261    17808.3000    16669.5510    63598    6.39%
     27    29    16682.5191  1279    17808.3000    16669.5510    64673    6.39%
     40    42    16691.3970  1267    17808.3000    16669.5510    65337    6.39%
     47    49    16693.8740  1282    17808.3000    16669.5510    65959    6.39%
     60    62    16694.6836  1287    17808.3000    16669.5510    66486    6.39%
     69    71    16704.0343  1281    17808.3000    16669.5510    67092    6.39%
     82    84    16707.5262  1257    17808.3000    16669.5510    67469    6.39%
     89    91    16710.2297  1268    17808.3000    16669.5510    67787    6.39%
     99   101    16708.0285  1260    17808.3000    16669.5510    68175    6.39%
    115   117    16709.8725  1260    17808.3000    16669.5510    68549    6.39%
Elapsed time = 375.83 sec. (211562.20 ticks, tree = 13.40 MB, solutions = 3)
    130   132    16720.6209  1260    17808.3000    16669.5510    68961    6.39%
    144   146    16730.4713  1257    17808.3000    16669.5510    69286    6.39%
    159   161    16729.9185  1248    17808.3000    16669.5510    69632    6.39%
    173   175    16735.8739  1249    17808.3000    16669.5510    70148    6.39%
    188   190    16739.6220  1248    17808.3000    16669.5510    70381    6.39%
    201   203    16747.6207  1228    17808.3000    16669.5510    70764    6.39%
    216   218    16754.1501  1235    17808.3000    16669.5510    71205    6.39%
    232   234    16770.2346  1238    17808.3000    16669.5510    71697    6.39%
    247   249    16792.3733  1201    17808.3000    16669.5510    72486    6.39%
    266   268    16811.5750  1187    17808.3000    16669.5510    72961    6.39%
Elapsed time = 387.13 sec. (221655.95 ticks, tree = 19.91 MB, solutions = 3)
    285   287    16823.3822  1178    17808.3000    16669.5510    73466    6.39%
    300   302    16826.9943  1164    17808.3000    16669.5510    73743    6.39%
    318   320    16840.8773  1148    17808.3000    16669.5510    74131    6.39%
    339   341    16844.2734  1144    17808.3000    16669.5510    74706    6.39%
    360   362    16858.2064  1134    17808.3000    16669.5510    75119    6.39%
    374   376    16865.5064  1122    17808.3000    16669.5510    75527    6.39%
    389   391    16876.0064  1103    17808.3000    16669.5510    76131    6.39%
    402   404    16876.3064  1095    17808.3000    16669.5510    76366    6.39%
    419   421    16881.9086  1088    17808.3000    16669.5510    76713    6.39%
    432   434    16890.9586  1090    17808.3000    16669.5510    77326    6.39%
Elapsed time = 400.24 sec. (232751.69 ticks, tree = 27.14 MB, solutions = 3)
    447   449    16897.1586  1081    17808.3000    16669.5510    77614    6.39%
    461   463    16900.8586  1082    17808.3000    16669.5510    78239    6.39%
    476   478    16917.6086  1082    17808.3000    16669.5510    78674    6.39%
    491   493    16941.0570  1076    17808.3000    16669.5510    79288    6.39%
    504   506    16688.4505  1248    17808.3000    16688.6860   147165    6.29%
    506   507    16689.6276  1356    17808.3000    16689.4130   148152    6.28%
    507   507    16691.8901  1387    17808.3000    16689.6577   149057    6.28%
    508   507    16689.6796  1353    17808.3000    16689.6798   149146    6.28%
    509   508    16691.8111  1357    17808.3000    16689.6798   149921    6.28%
    511   508    16696.1850  1442    17808.3000    16689.6798   152474    6.28%
Elapsed time = 1577.34 sec. (769891.17 ticks, tree = 32.33 MB, solutions = 3)
    513   510    16692.4361  1378    17808.3000    16689.6798   153483    6.28%
    514   511    16692.5660  1392    17808.3000    16689.6798   153566    6.28%
    519   515    16701.5689  1446    17808.3000    16689.6798   154987    6.28%
    521   516    16696.1261  1428    17808.3000    16689.6798   155583    6.28%
    525   519    16723.7195  1455    17808.3000    16689.6798   157964    6.28%
    534   526    16707.8959  1417    17808.3000    16689.6798   159261    6.28%
    542   531    16715.9623  1423    17808.3000    16689.6798   160787    6.28%
    544   533    16717.8316  1422    17808.3000    16689.6798   161079    6.28%
    551   537    16726.4287  1418    17808.3000    16689.6798   162622    6.28%
    563   545    16739.0376  1405    17808.3000    16689.6798   163993    6.28%
Elapsed time = 1600.23 sec. (783033.13 ticks, tree = 33.65 MB, solutions = 3)
    564   546    16736.2518  1400    17808.3000    16689.6798   164049    6.28%
    574   551    16741.8668  1369    17808.3000    16689.6798   165192    6.28%
    582   555    16747.9951  1394    17808.3000    16689.6798   166458    6.28%
    591   560    16753.8547  1360    17808.3000    16689.6798   167686    6.28%
    598   564    16765.1919  1356    17808.3000    16689.6798   168988    6.28%
    606   570    16771.2027  1358    17808.3000    16689.6798   169824    6.28%
    617   576    16778.5325  1344    17808.3000    16689.6798   170992    6.28%
    632   583    16791.0439  1342    17808.3000    16689.6798   172017    6.28%
    645   592    16810.2777  1331    17808.3000    16689.6798   172755    6.28%
    656   599    16811.0879  1325    17808.3000    16689.6798   173416    6.28%
Elapsed time = 1617.86 sec. (795262.70 ticks, tree = 35.35 MB, solutions = 3)
    668   607    16822.0610  1322    17808.3000    16689.6798   174241    6.28%
    681   613    16825.7828  1301    17808.3000    16689.6798   174731    6.28%
    695   623    16843.0473  1305    17808.3000    16689.6798   175374    6.28%
    710   630    16850.0815  1299    17808.3000    16689.6798   175785    6.28%
    723   639    16886.4519  1314    17808.3000    16689.6798   176433    6.28%
    737   645    16909.1519  1309    17808.3000    16689.6798   177187    6.28%
    750   654    16903.8137  1304    17808.3000    16689.6798   177757    6.28%
    764   661    16915.9130  1290    17808.3000    16689.6798   178240    6.28%
    777   670    16916.7500  1281    17808.3000    16689.6798   178891    6.28%
    794   679    16936.0955  1277    17808.3000    16689.6798   179322    6.28%
Elapsed time = 1629.44 sec. (805504.33 ticks, tree = 37.80 MB, solutions = 3)
    809   691    16943.4217  1278    17808.3000    16689.6798   179788    6.28%
    823   701    16962.8942  1273    17808.3000    16689.6798   180350    6.28%
    836   706    16966.5942  1280    17808.3000    16689.6798   180724    6.28%
    848   713    16978.8333  1261    17808.3000    16689.6798   181238    6.28%
    861   720    16982.0833  1258    17808.3000    16689.6798   181855    6.28%
    872   728    16990.3000  1242    17808.3000    16689.6798   182896    6.28%
    884   734    17002.2000  1246    17808.3000    16689.6798   183362    6.28%
    896   740    17016.2500  1232    17808.3000    16689.6798   183974    6.28%
    907   745    17020.5500  1227    17808.3000    16689.6798   184684    6.28%
    916   751    17029.1000  1225    17808.3000    16689.6798   185458    6.28%
Elapsed time = 1641.27 sec. (815306.72 ticks, tree = 40.17 MB, solutions = 3)
    926   757    17043.5500  1206    17808.3000    16689.6798   186295    6.28%
    939   767    17069.2000  1211    17808.3000    16689.6798   186697    6.28%
    944   769    17076.3000  1194    17808.3000    16689.6798   187068    6.28%
    962   780    17093.2500  1186    17808.3000    16689.6798   187630    6.28%
    975   786    17108.7500  1181    17808.3000    16689.6798   188013    6.28%
    987   793    17121.4500  1190    17808.3000    16689.6798   188642    6.28%
   1000   801    17124.3000  1171    17808.3000    16689.6798   189470    6.28%
   1013   807    17126.9500  1160    17808.3000    16689.6798   189994    6.28%
   1024   812    17132.7500  1161    17808.3000    16689.6798   190731    6.28%
   1068   839    17171.0000  1154    17808.3000    16689.6798   193670    6.28%
Elapsed time = 1659.64 sec. (829671.10 ticks, tree = 43.04 MB, solutions = 3)
   1122   870    17205.4500  1126    17808.3000    16689.6798   195857    6.28%
   1177   903    17276.0500  1078    17808.3000    16689.6798   198544    6.28%
   1219   925    17293.4000  1072    17808.3000    16689.6798   202087    6.28%
   1261   948    17332.0000  1045    17808.3000    16689.6798   204735    6.28%
   1314   980    17417.5000  1047    17808.3000    16689.6798   206543    6.28%
   1370  1015    17443.3500  1004    17808.3000    16689.6798   208281    6.28%
   1425  1047    17504.5500   962    17808.3000    16689.6798   209719    6.28%
   1483  1079    17532.5500   925    17808.3000    16689.6798   210953    6.28%
*  1504+ 1057                        17731.3500    16689.6798   211383    5.87%
Found incumbent of value 17731.350000 after 1715.09 sec. (871635.76 ticks)
*  1504+ 1037                        17722.3500    16689.6798   211383    5.83%
Found incumbent of value 17722.350000 after 1726.03 sec. (877961.39 ticks)
*  1504+ 1024                        17704.1000    16689.6798   211383    5.73%
Found incumbent of value 17704.100000 after 1737.19 sec. (883919.11 ticks)
   1504  1026    17540.6000   911    17704.1000    16689.6798   211383    5.73%
   1564  1062    17589.9000   873    17704.1000    16689.6798   213477    5.73%
Elapsed time = 1743.50 sec. (888712.30 ticks, tree = 49.07 MB, solutions = 6)
   1623  1121    17587.1000   855    17704.1000    16689.6798   215429    5.73%
   1680  1178    17646.5500   830    17704.1000    16689.6798   217506    5.73%
   1743  1239    17694.1000   805    17704.1000    16689.6798   220059    5.73%
*  1765+ 1246                        17697.5500    16689.6798   221508    5.69%
Found incumbent of value 17697.550000 after 1801.34 sec. (922500.60 ticks)
*  1765+ 1246                        17696.9000    16689.6798   221508    5.69%
Found incumbent of value 17696.900000 after 1837.16 sec. (939186.81 ticks)
   1765  1248    16691.9576  1404    17696.9000    16690.2820   221508    5.69%
   1783  1266    16710.5033  1426    17696.9000    16690.2820   228451    5.69%
   1814  1297    16747.6715  1433    17696.9000    16690.2820   233761    5.69%
   1858  1341    16789.7406  1376    17696.9000    16690.2820   237289    5.69%
   1911  1394    16823.7825  1314    17696.9000    16690.2820   240439    5.69%
   1960  1443    16857.8668  1282    17696.9000    16690.2820   243532    5.69%
   2015  1498    16880.5549  1262    17696.9000    16690.2820   246936    5.69%
Elapsed time = 1904.42 sec. (978155.36 ticks, tree = 66.34 MB, solutions = 8)
   2075  1558    16902.7407  1199    17696.9000    16690.2820   248933    5.69%
   2139  1622    16936.3155  1189    17696.9000    16690.2820   250529    5.69%
   2200  1683    16974.4516  1140    17696.9000    16690.2820   251712    5.69%
   2259  1742    17012.0516  1122    17696.9000    16690.2820   253583    5.69%
   2315  1798    17065.5075  1113    17696.9000    16690.2820   255260    5.69%
   2374  1857    17096.5001  1087    17696.9000    16690.2820   256513    5.69%
   2419  1902    17113.1501  1066    17696.9000    16690.2820   258762    5.69%
   2474  1957    17180.1500  1040    17696.9000    16690.2820   261301    5.69%
   2531  2014    17242.1000  1016    17696.9000    16690.2820   263837    5.69%
   2584  2067    17242.7000  1004    17696.9000    16690.2820   266479    5.69%
Elapsed time = 1950.89 sec. (1016870.31 ticks, tree = 91.63 MB, solutions = 8)
   2634  2117    17304.1000   976    17696.9000    16690.2820   268690    5.69%
   2696  2179    17381.4000   930    17696.9000    16690.2820   270818    5.69%
   2754  2237    17445.2000   941    17696.9000    16690.2820   273289    5.69%
   2813  2296    17523.5000   898    17696.9000    16690.2820   275176    5.69%
   2878  2361    17540.3500   868    17696.9000    16690.2820   276913    5.69%
   2950  2433    17563.1000   824    17696.9000    16690.2820   278492    5.69%
   3022  2505    17593.0000   791    17696.9000    16690.2820   279908    5.69%
   3078  2561    17673.1000   758    17696.9000    16690.2820   281713    5.69%
   3135  2593    16692.3479  1336    17696.9000    16691.9576   283070    5.68%
   3140  2598    16695.1220  1338    17696.9000    16692.3479   284855    5.68%
                                                 Impl Bds: 10                  
Elapsed time = 2000.19 sec. (1056841.49 ticks, tree = 116.16 MB, solutions = 8)
   3144  2602    16693.0862  1384    17696.9000    16692.9149   287169    5.67%
   3156  2614    16713.6957  1414    17696.9000    16693.1761   290903    5.67%
   3186  2644    16793.7628  1416    17696.9000    16693.1761   297542    5.67%
   3252  2710    16918.5286  1319    17696.9000    16693.1761   301702    5.67%
   3308  2766    16695.3248  1425    17696.9000    16693.3452   304918    5.67%
   3342  2800    16756.5126  1415    17696.9000    16693.3452   310448    5.67%
   3375  2833    16807.7225  1374    17696.9000    16693.3452   315974    5.67%
   3418  2876    16837.6175  1352    17696.9000    16693.3452   320920    5.67%
   3465  2923    16888.6433  1322    17696.9000    16693.3452   324438    5.67%
   3504  2962    16945.7734  1292    17696.9000    16693.3452   326349    5.67%
Elapsed time = 2087.94 sec. (1119325.57 ticks, tree = 131.74 MB, solutions = 8)
Nodefile size = 3.96 MB (1.38 MB after compression)
   3521  2979    16723.3057  1461    17696.9000    16693.3998   331292    5.67%
   3550  3008    16784.9013  1396    17696.9000    16693.3998   336707    5.67%
   3590  3048    16881.3849  1374    17696.9000    16693.3998   341531    5.67%
   3674  3132    16978.6536  1268    17696.9000    16693.3998   344438    5.67%
   3718  3176    16717.8666  1445    17696.9000    16693.5597   350105    5.67%
   3740  3198    16772.2909  1417    17696.9000    16693.5597   356592    5.67%
   3790  3248    16860.3504  1392    17696.9000    16693.5597   360970    5.67%
   3862  3320    16933.7823  1299    17696.9000    16693.5597   363812    5.67%
   3911  3369    16701.6167  1421    17696.9000    16693.6047   366950    5.67%
   3939  3397    16744.8721  1410    17696.9000    16693.6047   372773    5.67%
Elapsed time = 2142.14 sec. (1158671.44 ticks, tree = 150.53 MB, solutions = 8)
Nodefile size = 22.53 MB (7.62 MB after compression)
   3991  3449    16845.8192  1338    17696.9000    16693.6047   377628    5.67%
   4051  3509    16924.1022  1281    17696.9000    16693.6047   381707    5.67%
   4111  3569    16704.4159  1428    17696.9000    16693.6075   386236    5.67%
   4132  3590    16751.3321  1402    17696.9000    16693.6075   392548    5.67%
   4162  3620    16827.5416  1386    17696.9000    16693.6075   398184    5.67%
   4215  3673    16949.6243  1313    17696.9000    16693.6075   401538    5.67%
   4288  3746    17010.3000  1240    17696.9000    16693.6075   405050    5.67%
   4317  3775    16716.4853  1454    17696.9000    16693.8965   409314    5.67%
   4340  3798    16785.8091  1442    17696.9000    16693.8965   415471    5.67%
   4384  3842    16853.7208  1399    17696.9000    16693.8965   419275    5.67%
Elapsed time = 2192.38 sec. (1197386.91 ticks, tree = 169.71 MB, solutions = 8)
Nodefile size = 41.93 MB (13.80 MB after compression)
   4432  3890    16899.9288  1361    17696.9000    16693.8965   423289    5.67%
   4486  3944    16932.2851  1314    17696.9000    16693.8965   425510    5.67%
   4519  3977    16718.7284  1440    17696.9000    16693.9115   430678    5.67%
   4548  4006    16790.8338  1399    17696.9000    16693.9115   436381    5.67%
   4599  4057    16893.5106  1299    17696.9000    16693.9115   441202    5.67%
   4678  4136    16962.3910  1263    17696.9000    16693.9115   444079    5.67%
   4716  4174    16704.1153  1409    17696.9000    16694.0100   448053    5.67%
   4735  4193    16751.9120  1446    17696.9000    16694.0100   454286    5.67%
   4778  4236    16846.8681  1367    17696.9000    16694.0100   459526    5.67%
   4844  4302    16929.4372  1310    17696.9000    16694.0100   463389    5.67%
Elapsed time = 2242.97 sec. (1236206.88 ticks, tree = 191.67 MB, solutions = 8)
Nodefile size = 64.57 MB (20.61 MB after compression)
   4910  4368    16701.4363  1455    17696.9000    16694.0100   467138    5.67%
   4931  4389    16754.3517  1427    17696.9000    16694.0100   473228    5.67%
   4964  4422    16825.1521  1415    17696.9000    16694.0100   479372    5.67%
   5025  4483    16959.3235  1329    17696.9000    16694.0100   483732    5.67%
   5106  4564    16694.0756  1444    17696.9000    16694.0756   485998    5.67%
   5124  4582    16722.8887  1439    17696.9000    16694.1064   491849    5.67%
   5147  4605    16781.1279  1420    17696.9000    16694.1064   497941    5.67%
   5176  4634    16862.4258  1390    17696.9000    16694.1064   503052    5.67%
   5228  4686    16932.3053  1307    17696.9000    16694.1064   507670    5.67%
   5301  4759    16996.3000  1224    17696.9000    16694.1064   510605    5.67%
Elapsed time = 2298.42 sec. (1275852.70 ticks, tree = 213.52 MB, solutions = 8)
Nodefile size = 85.85 MB (26.63 MB after compression)
   5326  4784    16732.6623  1411    17696.9000    16694.1107   516143    5.67%
   5359  4817    16784.6411  1371    17696.9000    16694.1107   521029    5.67%
   5405  4863    16865.6766  1347    17696.9000    16694.1107   526180    5.67%
   5444  4902    16913.5067  1337    17696.9000    16694.1107   531019    5.67%
   5497  4955    16972.8519  1301    17696.9000    16694.1107   534076    5.67%
   5518  4976    16712.0282  1392    17696.9000    16694.1822   538891    5.67%
   5544  5002    16785.1883  1385    17696.9000    16694.1822   545557    5.67%
   5584  5042    16871.8396  1377    17696.9000    16694.1822   550673    5.67%
   5658  5116    16953.9000  1254    17696.9000    16694.1822   553842    5.67%
   5704  5162    16974.9618  1210    17696.9000    16694.1822   554696    5.67%
Elapsed time = 2364.22 sec. (1319335.63 ticks, tree = 230.89 MB, solutions = 8)
Nodefile size = 103.06 MB (31.33 MB after compression)
   5726  5184    16737.4815  1433    17696.9000    16694.1822   561476    5.67%
   5768  5226    16851.5837  1380    17696.9000    16694.1822   566692    5.67%
   5844  5302    16984.3097  1255    17696.9000    16694.1822   569444    5.67%
   5908  5366    16698.4709  1440    17696.9000    16694.1922   571672    5.67%
   5939  5397    16770.3890  1393    17696.9000    16694.1922   577011    5.67%
   5993  5451    16897.7816  1327    17696.9000    16694.1922   581821    5.67%
   6055  5513    17009.9500  1248    17696.9000    16694.1922   586043    5.67%
   6113  5571    16707.7868  1439    17696.9000    16694.1922   590060    5.67%
   6133  5591    16767.9414  1442    17696.9000    16694.1922   596397    5.67%
   6154  5612    16806.8271  1379    17696.9000    16694.1922   600153    5.67%
Elapsed time = 2461.61 sec. (1390792.69 ticks, tree = 250.35 MB, solutions = 8)
Nodefile size = 123.12 MB (36.76 MB after compression)
   6206  5664    16921.6438  1338    17696.9000    16694.1922   605076    5.67%
   6272  5730    17009.2001  1255    17696.9000    16694.1922   609188    5.67%
   6309  5767    16713.2519  1473    17696.9000    16694.2418   612941    5.67%
   6330  5788    16748.9707  1451    17696.9000    16694.2418   618830    5.67%
   6355  5813    16801.5191  1379    17696.9000    16694.2418   623537    5.67%
   6402  5860    16881.6865  1350    17696.9000    16694.2418   628015    5.67%
   6454  5912    16932.8298  1313    17696.9000    16694.2418   631754    5.67%
   6504  5962    16981.1023  1288    17696.9000    16694.2418   633936    5.67%
   6526  5984    16734.4015  1429    17696.9000    16694.3641   639967    5.67%
   6547  6005    16783.3249  1417    17696.9000    16694.3641   644572    5.67%
Elapsed time = 2528.14 sec. (1432451.29 ticks, tree = 267.51 MB, solutions = 8)
Nodefile size = 140.42 MB (41.52 MB after compression)
   6591  6049    16869.2268  1377    17696.9000    16694.3641   648968    5.67%
   6636  6094    16962.7307  1328    17696.9000    16694.3641   653250    5.67%
   6706  6164    16703.4979  1430    17696.9000    16694.4007   656238    5.66%
   6731  6189    16745.7078  1421    17696.9000    16694.4007   663288    5.66%
   6749  6207    16797.0351  1403    17696.9000    16694.4007   666614    5.66%
   6800  6258    16925.8939  1337    17696.9000    16694.4007   670677    5.66%
   6865  6323    17028.8381  1265    17696.9000    16694.4007   673788    5.66%
   6907  6365    16710.3354  1443    17696.9000    16694.4165   675637    5.66%
   6926  6384    16751.1768  1457    17696.9000    16694.4165   682221    5.66%
   6976  6434    16855.0443  1380    17696.9000    16694.4165   687581    5.66%
Elapsed time = 2590.24 sec. (1472169.92 ticks, tree = 286.01 MB, solutions = 8)
Nodefile size = 158.53 MB (46.37 MB after compression)
   7037  6495    16941.9013  1325    17696.9000    16694.4165   691277    5.66%
   7106  6564    16699.6738  1425    17696.9000    16694.4165   694233    5.66%
   7130  6588    16749.6691  1461    17696.9000    16694.4165   700824    5.66%
   7163  6621    16827.0287  1374    17696.9000    16694.4165   706278    5.66%
   7217  6675    16944.4006  1313    17696.9000    16694.4165   709908    5.66%
   7295  6753    17015.1500  1237    17696.9000    16694.4165   712659    5.66%
   7304  6762    17026.7500  1218    17696.9000    16694.4165   713117    5.66%
   7332  6790    16743.2503  1454    17696.9000    16694.4165   719481    5.66%
   7353  6811    16799.7252  1405    17696.9000    16694.4165   725916    5.66%
   7396  6854    16859.4421  1329    17696.9000    16694.4165   729707    5.66%
Elapsed time = 2650.53 sec. (1514844.37 ticks, tree = 306.20 MB, solutions = 8)
Nodefile size = 178.54 MB (51.71 MB after compression)
   7434  6892    16918.4126  1317    17696.9000    16694.4165   734468    5.66%
   7489  6947    16963.5564  1299    17696.9000    16694.4165   737836    5.66%
*  7504+ 6897                        17667.1000    16694.4165   738719    5.51%
Found incumbent of value 17667.100000 after 2696.38 sec. (1550620.13 ticks)
   7504  6899    16975.1564  1282    17667.1000    16694.4165   738719    5.51%
   7517  6912    16720.7484  1466    17667.1000    16694.5912   743670    5.50%
   7544  6939    16789.3233  1437    17667.1000    16694.5912   749393    5.50%
   7584  6979    16876.4809  1354    17667.1000    16694.5912   754497    5.50%
   7658  7053    16977.4023  1281    17667.1000    16694.5912   757756    5.50%
   7704  7099    16997.7118  1255    17667.1000    16694.5912   758635    5.50%
   7726  7121    16728.8001  1429    17667.1000    16694.6355   764495    5.50%
   7761  7156    16775.6968  1375    17667.1000    16694.6355   769910    5.50%
Elapsed time = 2743.77 sec. (1583706.29 ticks, tree = 319.01 MB, solutions = 9)
Nodefile size = 191.75 MB (55.01 MB after compression)
   7813  7208    16919.7545  1303    17667.1000    16694.6355   774265    5.50%
   7894  7289    17016.4750  1241    17667.1000    16694.6355   777370    5.50%
   7929  7324    16735.7675  1464    17667.1000    16694.6470   783460    5.50%
   7950  7345    16800.4310  1434    17667.1000    16694.6470   789162    5.50%
   7995  7390    16866.5535  1369    17667.1000    16694.6470   794871    5.50%
   8054  7449    16961.3000  1299    17667.1000    16694.6470   799127    5.50%
   8106  7501    16698.0490  1402    17667.1000    16694.7113   800496    5.50%
   8139  7534    16773.9990  1388    17667.1000    16694.7113   806360    5.50%
   8170  7565    16839.9945  1376    17667.1000    16694.7113   811727    5.50%
   8246  7641    16966.5428  1249    17667.1000    16694.7113   814854    5.50%
Elapsed time = 2796.59 sec. (1622913.37 ticks, tree = 339.92 MB, solutions = 9)
Nodefile size = 212.68 MB (60.56 MB after compression)
   8311  7706    16709.9545  1424    17667.1000    16694.7415   819106    5.50%
   8345  7740    16756.3413  1386    17667.1000    16694.7415   824373    5.50%
   8395  7790    16850.3217  1322    17667.1000    16694.7415   829180    5.50%
   8456  7851    16922.8895  1287    17667.1000    16694.7415   831677    5.50%
   8509  7904    16700.2152  1440    17667.1000    16694.7920   834444    5.50%
*  8528+ 7753                        17589.0500    16694.7920   839050    5.08%
Found incumbent of value 17589.050000 after 2866.47 sec. (1666668.78 ticks)
*  8528+ 7669                        17575.6500    16694.7920   839050    5.01%
Found incumbent of value 17575.650000 after 2913.49 sec. (1689806.86 ticks)
*  8528+ 7669                        17574.3500    16694.7920   839050    5.00%
Found incumbent of value 17574.350000 after 2976.77 sec. (1724625.59 ticks)
*  8528+ 7669                        17571.8000    16694.7920   839050    4.99%
Found incumbent of value 17571.800000 after 2979.70 sec. (1726878.19 ticks)

Implied bound cuts applied:  18
Flow cuts applied:  163
Mixed integer rounding cuts applied:  1457
Lift and project cuts applied:  16
Gomory fractional cuts applied:  93

Root node processing (before b&c):
  Real time             =  332.92 sec. (186548.90 ticks)
Sequential b&c:
  Real time             = 2646.91 sec. (1541527.76 ticks)
                          ------------
Total (root+branch&cut) = 2979.83 sec. (1728076.66 ticks)
MIP status(102): integer optimal, tolerance
Cplex Time: 2979.83sec (det. 1728076.66 ticks)
Fixing integer variables, and solving final LP...
Tried aggregator 1 time.
DUAL formed by presolve
LP Presolve eliminated 5270 rows and 72788 columns.
Aggregator did 17391 substitutions.
Reduced LP has 17418 rows, 187371 columns, and 374666 nonzeros.
Presolve time = 0.25 sec. (130.49 ticks)

Iteration log . . .
Iteration:     1    Infeasibility =            22.550000
Iteration:    28    Infeasibility =             2.250000
Switched to devex.
Iteration:   573    Objective     =       -141147.900000
Iteration:  1277    Objective     =        -16065.350000
Iteration:  1811    Objective     =         -5559.450000
Iteration:  2301    Objective     =         -1132.350000
Iteration:  2674    Objective     =           332.450000
Iteration:  2956    Objective     =          1600.750000
Iteration:  3212    Objective     =          2786.750000
Iteration:  3424    Objective     =          3768.150000
Iteration:  4189    Objective     =          9699.550000
Iteration:  5018    Objective     =          9699.550000
Iteration:  5689    Objective     =         10530.050000
Iteration:  5933    Objective     =         11212.150000
Iteration:  6551    Objective     =         12940.350000
Iteration:  7311    Objective     =         14880.250000
Iteration:  7711    Objective     =         15123.700000
Iteration:  8232    Objective     =         15317.550000
Iteration:  8833    Objective     =         15445.200000
Iteration:  9300    Objective     =         15719.400000
Iteration:  9986    Objective     =         16060.000000
Iteration: 10497    Objective     =         16263.200000
Iteration: 11051    Objective     =         16580.300000
Iteration: 11535    Objective     =         16670.350000
Iteration: 11941    Objective     =         16815.750000
Iteration: 12488    Objective     =         16929.550000
Iteration: 13001    Objective     =         17041.500000
Iteration: 13537    Objective     =         17129.600000
Iteration: 14041    Objective     =         17245.050000
Iteration: 14561    Objective     =         17368.600000
Iteration: 15022    Objective     =         17452.450000
Iteration: 15438    Objective     =         17505.100000
Iteration: 15851    Objective     =         17552.400000
Iteration: 16205    Objective     =         17567.900000
Fixed MIP status(1): optimal
Cplex Time: 1.83sec (det. 1351.44 ticks)

Solution satisfies tolerances.

MIP Solution:        17571.800000    (839050 iterations, 8528 nodes)
Final Solve:         17571.800000    (16281 iterations)

Best possible:       16694.792039
Absolute gap:          877.007961
Relative gap:            0.049910

--- Restarting execution
--- stochastic2.gms(265) 16 Mb
--- Reading solution for model stochastic
--- stochastic2.gms(265) 32 Mb
--- Executing after solve: elapsed 0:49:50.880
--- stochastic2.gms(268) 32 Mb

GDXXRW           24.1.2 r40979 Released Jun 16, 2013 VS8 x86/MS Windows       
Input file : C:\Users\RAYAN POOYESH\Documents\gamsdir\stochastic2\Data.gdx
Output file: C:\Users\RAYAN POOYESH\Documents\gamsdir\stochastic2\Data.xlsx
Total time = 969 Ms
--- stochastic2.gms(274) 32 Mb
*** Status: Normal completion
--- Job stochastic2.gms Stop 06/07/16 00:48:18 elapsed 0:49:51.972
