
--- Job stochastic.gms Start 06/06/16 21:23:20 24.1.2 r40979 WEX-WEI x86_64/MS Windows
GAMS 24.1.2   Copyright (C) 1987-2013 GAMS Development. All rights reserved
Licensee: Gary Goldstein                                 G010614:2121CA-WIN
          Decision Ware, Inc.                                        DC2807
--- Starting compilation
--- stochastic.gms(15) 2 Mb
--- call gdxxrw.exe Data.xlsx @stochastic.txt

GDXXRW           24.1.2 r40979 Released Jun 16, 2013 VS8 x86/MS Windows       
Input file : C:\Users\RAYAN POOYESH\Documents\gamsdir\stochastic\Data.xlsx
Output file: C:\Users\RAYAN POOYESH\Documents\gamsdir\stochastic\Data.gdx
Total time = 625 Ms
--- stochastic.gms(16) 2 Mb
--- GDXin=C:\Users\RAYAN POOYESH\Documents\gamsdir\stochastic\Data.gdx
--- stochastic.gms(53) 3 Mb
--- call gdxxrw.exe Data.xlsx @stochastic.txt

GDXXRW           24.1.2 r40979 Released Jun 16, 2013 VS8 x86/MS Windows       
Input file : C:\Users\RAYAN POOYESH\Documents\gamsdir\stochastic\Data.xlsx
Output file: C:\Users\RAYAN POOYESH\Documents\gamsdir\stochastic\Data.gdx
Total time = 891 Ms
--- stochastic.gms(54) 3 Mb
--- GDXin=C:\Users\RAYAN POOYESH\Documents\gamsdir\stochastic\Data.gdx
--- stochastic.gms(276) 4 Mb
--- Starting execution: elapsed 0:00:01.635
--- stochastic.gms(265) 4 Mb
--- Generating MIP model stochastic
--- stochastic.gms(267) 62 Mb
---   209,956 rows  107,597 columns  560,449 non-zeroes
---   70,224 discrete-columns
--- Executing CPLEX: elapsed 0:00:07.918

IBM ILOG CPLEX   24.1.2 r40979 Released Jun 16, 2013 WEI x86_64/MS Windows    
--- GAMS/Cplex licensed for continuous and discrete problems.
Cplex 12.5.1.0

Reading data...
Starting Cplex...
Tried aggregator 8 times.
MIP Presolve eliminated 7312 rows and 4349 columns.
MIP Presolve modified 58384 coefficients.
Aggregator did 17624 substitutions.
Reduced MIP has 185020 rows, 85624 columns, and 506920 nonzeros.
Reduced MIP has 68440 binaries, 0 generals, 0 SOSs, and 0 indicators.
Presolve time = 1.38 sec. (773.32 ticks)
Probing time = 0.05 sec. (22.42 ticks)
Tried aggregator 4 times.
MIP Presolve eliminated 174 rows and 0 columns.
MIP Presolve modified 662 coefficients.
Aggregator did 246 substitutions.
Reduced MIP has 184600 rows, 85378 columns, and 506080 nonzeros.
Reduced MIP has 68440 binaries, 0 generals, 0 SOSs, and 0 indicators.
Presolve time = 0.74 sec. (379.48 ticks)
Probing fixed 0 vars, tightened 1 bounds.
Probing time = 0.05 sec. (25.02 ticks)
MIP emphasis: balance optimality and feasibility.
MIP search method: dynamic search.
Parallel mode: none, using 1 thread.
Tried aggregator 1 time.
LP Presolve eliminated 2 rows and 0 columns.
Aggregator did 7 substitutions.
Reduced LP has 184591 rows, 85371 columns, and 506062 nonzeros.
Presolve time = 0.19 sec. (106.73 ticks)
Initializing dual steep norms . . .

Iteration log . . .
Iteration:     1   Dual objective     =         15629.853500
Perturbation started.
Iteration:   101   Dual objective     =         15629.853500
Iteration:   981   Dual objective     =         15629.861989
Iteration:  1830   Dual objective     =         15633.971488
Iteration:  2670   Dual objective     =         15653.983997
Iteration:  3521   Dual objective     =         15693.449495
Iteration:  4368   Dual objective     =         15736.067021
Iteration:  5209   Dual objective     =         15800.888970
Iteration:  6053   Dual objective     =         15855.252938
Iteration:  6898   Dual objective     =         15897.767752
Iteration:  7766   Dual objective     =         15947.938686
Iteration:  8655   Dual objective     =         15980.453227
Iteration:  9565   Dual objective     =         16015.706155
Iteration: 10408   Dual objective     =         16051.313710
Iteration: 11292   Dual objective     =         16073.576815
Iteration: 12188   Dual objective     =         16095.738552
Iteration: 13031   Dual objective     =         16113.350444
Iteration: 13895   Dual objective     =         16130.863488
Iteration: 14695   Dual objective     =         16160.914515
Iteration: 15411   Dual objective     =         16189.652976
Iteration: 16261   Dual objective     =         16198.023020
Iteration: 16921   Dual objective     =         16275.462473
Iteration: 17346   Dual objective     =         16296.228076
Iteration: 18928   Dual objective     =         16316.938026
Iteration: 20858   Dual objective     =         16317.137164
Iteration: 23658   Dual objective     =         16317.137293
Iteration: 26223   Dual objective     =         16317.137912
Iteration: 29035   Dual objective     =         16317.138010
Iteration: 31851   Dual objective     =         16317.138095
Elapsed time = 28.30 sec. (10000.27 ticks, 32899 iterations)
Iteration: 34671   Dual objective     =         16317.138170
Iteration: 37495   Dual objective     =         16317.138234
Iteration: 40323   Dual objective     =         16317.138289
Iteration: 43155   Dual objective     =         16317.138332
Iteration: 45991   Dual objective     =         16317.138365
Iteration: 48831   Dual objective     =         16317.138389
Elapsed time = 61.19 sec. (20000.56 ticks, 50454 iterations)
Iteration: 51492   Dual objective     =         16317.139403
Iteration: 54340   Dual objective     =         16317.139409
Removing perturbation.
Initializing dual steep norms . . .

Iteration log . . .
Iteration:     0   Dual objective     =         16316.950000

Iteration log . . .
Iteration:     0   Dual objective     =         16316.950000

Iteration log . . .
Iteration:     0   Dual objective     =         16316.950000

Iteration log . . .
Iteration:     0   Dual objective     =         16316.950000

Iteration log . . .
Iteration:     0   Dual objective     =         16316.950000

Iteration log . . .
Iteration:     0   Dual objective     =         16316.950000

Iteration log . . .
Iteration:     0   Dual objective     =         16316.950000

Iteration log . . .
Iteration:     0   Dual objective     =         16316.950000

Iteration log . . .
Iteration:     0   Dual objective     =         16316.950000

Iteration log . . .
Iteration:     0   Dual objective     =         16316.950000

Iteration log . . .
Iteration:     0   Dual objective     =         16316.950000

Iteration log . . .
Iteration:     0   Dual objective     =         16316.950000

Iteration log . . .
Iteration:     0   Dual objective     =         16316.950000

Iteration log . . .
Iteration:     0   Dual objective     =         16316.950000

Iteration log . . .
Iteration:     0   Dual objective     =         16316.950000

Iteration log . . .
Iteration:     0   Dual objective     =         16316.950000

Iteration log . . .
Iteration:     0   Dual objective     =         16316.950000

Iteration log . . .
Iteration:     0   Dual objective     =         16316.950000

Iteration log . . .
Iteration:     0   Dual objective     =         16316.950000

Iteration log . . .
Iteration:     0   Dual objective     =         16316.950000

Iteration log . . .
Iteration:     0   Dual objective     =         16316.950000

Iteration log . . .
Iteration:     0   Dual objective     =         16316.950000

Iteration log . . .
Iteration:     0   Dual objective     =         16316.950000

Iteration log . . .
Iteration:     0   Dual objective     =         16316.950000

Iteration log . . .
Iteration:     0   Dual objective     =         16316.950000

Iteration log . . .
Iteration:     0   Dual objective     =         16316.950000

Iteration log . . .
Iteration:     0   Dual objective     =         16316.950000

Iteration log . . .
Iteration:     0   Dual objective     =         16316.950000

Iteration log . . .
Iteration:     0   Dual objective     =         16316.950000

Iteration log . . .
Iteration:     0   Dual objective     =         16316.950000

Iteration log . . .
Iteration:     0   Dual objective     =         16316.950000

Iteration log . . .
Iteration:     0   Dual objective     =         16316.950000

Iteration log . . .
Iteration:     0   Dual objective     =         16316.950000

Iteration log . . .
Iteration:     0   Dual objective     =         16316.950000

Iteration log . . .
Iteration:     0   Dual objective     =         16316.950000

Iteration log . . .
Iteration:     0   Dual objective     =         16316.950000

Iteration log . . .
Iteration:     0   Dual objective     =         16316.950000

Iteration log . . .
Iteration:     0   Dual objective     =         16316.950000

Iteration log . . .
Iteration:     0   Dual objective     =         16316.950000

Iteration log . . .
Iteration:     0   Dual objective     =         16316.950000

Iteration log . . .
Iteration:     0   Dual objective     =         16316.950000
Root relaxation solution time = 106.16 sec. (90130.27 ticks)

        Nodes                                         Cuts/
   Node  Left     Objective  IInf  Best Integer    Best Bound    ItCnt     Gap

      0     0    16316.9500  1479                  16316.9500    54553         
*     0+    0                        17893.6500    16316.9500    54553    8.81%
Found incumbent of value 17893.650000 after 124.50 sec. (98494.76 ticks)
      0     0    16317.0486  1737    17893.6500    Cuts: 7568    56689    8.81%
      0     0    16348.9571  1594    17893.6500    Cuts: 3775    58738    8.63%
      0     0    16355.8286  1601    17893.6500     Cuts: 738    59712    8.59%
      0     0    16357.2303  1602    17893.6500     Cuts: 406    60180    8.59%
      0     0    16357.9309  1613    17893.6500     Cuts: 256    60449    8.58%
*     0+    0                        17713.6000    16357.9309    60449    7.65%
Found incumbent of value 17713.600000 after 230.67 sec. (141036.12 ticks)
Heuristic still looking.
      0     2    16357.9309  1425    17713.6000    16357.9631    60449    7.65%
Elapsed time = 317.69 sec. (163414.22 ticks, tree = 0.00 MB, solutions = 2)
      2     4    16358.6731  1449    17713.6000    16358.6880    61145    7.65%
      3     5    16359.5048  1485    17713.6000    16358.6880    61362    7.65%
      4     6    16361.0610  1453    17713.6000    16359.5240    61660    7.64%
      5     7    16361.7282  1475    17713.6000    16359.5240    61773    7.64%
      6     8    16360.7078  1472    17713.6000    16360.0165    62008    7.64%
      7     9    16365.2945  1480    17713.6000    16360.0165    62462    7.64%
      8    10    16361.5007  1470    17713.6000    16360.0165    62594    7.64%
     10    12    16367.0820  1473    17713.6000    16360.0165    63503    7.64%
     11    13    16365.1852  1479    17713.6000    16360.0165    63561    7.64%
     22    24    16367.0499  1470    17713.6000    16360.0165    64243    7.64%
Elapsed time = 329.42 sec. (169215.71 ticks, tree = 0.94 MB, solutions = 2)
     30    32    16368.1660  1474    17713.6000    16360.0165    64471    7.64%
     39    41    16372.4037  1467    17713.6000    16360.0165    65226    7.64%
     40    42    16372.5512  1467    17713.6000    16360.0165    65298    7.64%
     51    53    16373.9648  1469    17713.6000    16360.0165    65761    7.64%
     63    65    16375.9335  1461    17713.6000    16360.0165    66000    7.64%
     73    75    16378.7674  1468    17713.6000    16360.0165    66482    7.64%
     82    84    16380.6730  1458    17713.6000    16360.0165    67091    7.64%
     94    96    16382.5241  1456    17713.6000    16360.0165    67460    7.64%
    104   106    16385.2778  1445    17713.6000    16360.0165    67870    7.64%
    115   117    16389.1263  1433    17713.6000    16360.0165    68136    7.64%
Elapsed time = 347.91 sec. (181235.52 ticks, tree = 4.88 MB, solutions = 2)
    128   130    16396.8216  1417    17713.6000    16360.0165    68289    7.64%
    141   143    16399.1218  1407    17713.6000    16360.0165    68459    7.64%
    153   155    16407.6246  1401    17713.6000    16360.0165    68711    7.64%
    172   174    16420.1694  1370    17713.6000    16360.0165    69016    7.64%
    180   182    16429.6679  1362    17713.6000    16360.0165    69141    7.64%
    197   199    16435.6177  1349    17713.6000    16360.0165    69468    7.64%
    210   212    16447.3106  1340    17713.6000    16360.0165    69710    7.64%
    222   224    16461.5224  1323    17713.6000    16360.0165    70050    7.64%
    235   237    16471.7527  1315    17713.6000    16360.0165    70368    7.64%
    255   257    16486.5041  1292    17713.6000    16360.0165    71007    7.64%
Elapsed time = 363.33 sec. (192382.56 ticks, tree = 10.95 MB, solutions = 2)
    272   274    16494.9505  1278    17713.6000    16360.0165    71510    7.64%
    285   287    16499.6435  1261    17713.6000    16360.0165    71805    7.64%
    300   302    16504.4482  1237    17713.6000    16360.0165    72156    7.64%
    317   319    16512.4295  1225    17713.6000    16360.0165    72553    7.64%
    336   338    16520.3672  1200    17713.6000    16360.0165    72880    7.64%
    350   352    16527.2168  1196    17713.6000    16360.0165    73091    7.64%
    364   366    16532.0690  1189    17713.6000    16360.0165    74435    7.64%
    377   379    16537.8680  1179    17713.6000    16360.0165    74931    7.64%
    392   394    16547.9633  1167    17713.6000    16360.0165    75204    7.64%
    405   407    16554.7366  1157    17713.6000    16360.0165    75552    7.64%
Elapsed time = 377.42 sec. (202247.33 ticks, tree = 17.44 MB, solutions = 2)
    421   423    16562.1082  1149    17713.6000    16360.0165    75985    7.64%
    434   436    16569.3108  1165    17713.6000    16360.0165    76262    7.64%
    440   442    16565.4676  1147    17713.6000    16360.0165    76367    7.64%
    457   459    16569.7674  1145    17713.6000    16360.0165    76743    7.64%
*   467+  312                        17520.5000    16377.7004   141875    6.52%
Found incumbent of value 17520.500000 after 1448.73 sec. (663574.76 ticks)
*   467+  208                        17401.9500    16377.7004   141875    5.89%
Found incumbent of value 17401.950000 after 1549.19 sec. (690555.18 ticks)
    467   209    16377.7004  1454    17401.9500    16377.8520   141875    5.88%
    469   211    16379.9747  1513    17401.9500    16378.8208   142724    5.88%
    472   213    16380.7067  1521    17401.9500    16378.8208   143161    5.88%
    477   216    16381.4156  1533    17401.9500    16378.8208   144562    5.88%
    480   219    16381.4689  1529    17401.9500    16378.8208   144981    5.88%
    483   220    16382.2119  1523    17401.9500    16378.8208   146076    5.88%
Elapsed time = 1609.23 sec. (726527.62 ticks, tree = 9.36 MB, solutions = 4)
    486   222    16382.8449  1523    17401.9500    16378.8208   147361    5.88%
    487   223    16384.6609  1524    17401.9500    16378.8208   147539    5.88%
    492   226    16384.8666  1518    17401.9500    16378.8208   149251    5.88%
    499   232    16387.5591  1527    17401.9500    16378.8208   150704    5.88%
    503   235    16395.1594  1532    17401.9500    16378.8208   152047    5.88%
    507   237    16401.6467  1503    17401.9500    16378.8208   153909    5.88%
    513   240    16402.6005  1521    17401.9500    16378.8208   155018    5.88%
    517   242    16403.6126  1535    17401.9500    16378.8208   155724    5.88%
    523   243    16407.6276  1510    17401.9500    16378.8208   157101    5.88%
    524   243    16408.4956  1522    17401.9500    16378.8208   157640    5.88%
Elapsed time = 1653.64 sec. (743942.82 ticks, tree = 14.65 MB, solutions = 4)
    532   248    16410.0119  1496    17401.9500    16378.8208   159068    5.88%
    536   252    16410.9533  1511    17401.9500    16378.8208   160116    5.88%
    541   256    16412.8518  1502    17401.9500    16378.8208   160838    5.88%
    547   257    16415.3727  1508    17401.9500    16378.8208   161583    5.88%
    556   261    16424.5995  1522    17401.9500    16378.8208   162875    5.88%
    566   266    16427.9367  1525    17401.9500    16378.8208   163802    5.88%
    574   272    16436.7627  1523    17401.9500    16378.8208   165201    5.88%
    581   274    16433.1667  1494    17401.9500    16378.8208   166307    5.88%
    590   282    16438.1911  1472    17401.9500    16378.8208   167380    5.88%
    600   287    16445.3376  1462    17401.9500    16378.8208   168112    5.88%
Elapsed time = 1675.58 sec. (756550.00 ticks, tree = 16.54 MB, solutions = 4)
    612   294    16448.7609  1482    17401.9500    16378.8208   168802    5.88%
    622   299    16460.3229  1477    17401.9500    16378.8208   170044    5.88%
    637   307    16467.4831  1467    17401.9500    16378.8208   170564    5.88%
    649   315    16493.2930  1438    17401.9500    16378.8208   171396    5.88%
    662   323    16497.9216  1428    17401.9500    16378.8208   171926    5.88%
    673   328    16502.5695  1411    17401.9500    16378.8208   172748    5.88%
    684   332    16507.9963  1413    17401.9500    16378.8208   173246    5.88%
    698   336    16513.0510  1396    17401.9500    16378.8208   173567    5.88%
    712   344    16515.8898  1403    17401.9500    16378.8208   173837    5.88%
    726   353    16522.2872  1388    17401.9500    16378.8208   174072    5.88%
Elapsed time = 1688.89 sec. (766572.15 ticks, tree = 19.37 MB, solutions = 4)
    739   361    16527.4875  1385    17401.9500    16378.8208   174475    5.88%
    753   368    16528.9310  1372    17401.9500    16378.8208   174677    5.88%
    768   376    16539.2806  1368    17401.9500    16378.8208   174891    5.88%
    786   389    16549.2750  1352    17401.9500    16378.8208   175156    5.88%
    801   398    16562.5281  1340    17401.9500    16378.8208   175525    5.88%
    812   401    16569.1480  1327    17401.9500    16378.8208   175827    5.88%
    826   411    16568.9457  1320    17401.9500    16378.8208   176282    5.88%
    840   419    16577.1318  1324    17401.9500    16378.8208   176483    5.88%
    855   430    16583.9722  1322    17401.9500    16378.8208   176982    5.88%
    868   438    16588.2732  1315    17401.9500    16378.8208   177347    5.88%
Elapsed time = 1700.61 sec. (776617.43 ticks, tree = 23.11 MB, solutions = 4)
    881   444    16590.5705  1310    17401.9500    16378.8208   177471    5.88%
    896   450    16597.5371  1299    17401.9500    16378.8208   177852    5.88%
    910   457    16598.4552  1292    17401.9500    16378.8208   178051    5.88%
    924   467    16604.9117  1287    17401.9500    16378.8208   178530    5.88%
    938   475    16610.7004  1277    17401.9500    16378.8208   178691    5.88%
    951   485    16610.5841  1267    17401.9500    16378.8208   179025    5.88%
    965   499    16619.5452  1257    17401.9500    16378.8208   179228    5.88%
    980   514    16623.1860  1244    17401.9500    16378.8208   179524    5.88%
    995   529    16631.2351  1247    17401.9500    16378.8208   179864    5.88%
   1054   588    16660.5058  1210    17401.9500    16378.8208   181262    5.88%
Elapsed time = 1715.66 sec. (789509.49 ticks, tree = 29.80 MB, solutions = 4)
   1092   626    16689.0056  1188    17401.9500    16378.8208   182300    5.88%
   1146   680    16707.1274  1156    17401.9500    16378.8208   183775    5.88%
   1201   735    16742.9765  1123    17401.9500    16378.8208   185427    5.88%
   1252   786    16784.9261  1105    17401.9500    16378.8208   186401    5.88%
   1301   835    16819.1197  1075    17401.9500    16378.8208   188527    5.88%
   1348   882    16831.0731  1068    17401.9500    16378.8208   189967    5.88%
   1402   936    16848.6218  1051    17401.9500    16378.8208   191204    5.88%
   1455   989    16870.1701  1035    17401.9500    16378.8208   192285    5.88%
   1507  1041    16894.4718  1005    17401.9500    16378.8208   193123    5.88%
   1568  1102    16917.9157   978    17401.9500    16378.8208   193840    5.88%
Elapsed time = 1767.36 sec. (829756.95 ticks, tree = 52.91 MB, solutions = 4)
   1626  1160    16951.1022   930    17401.9500    16378.8208   195203    5.88%
   1680  1214    16975.9022   916    17401.9500    16378.8208   196852    5.88%
   1733  1267    17005.9022   896    17401.9500    16378.8208   198002    5.88%
   1787  1321    17026.7022   864    17401.9500    16378.8208   199430    5.88%
   1845  1379    17054.8500   844    17401.9500    16378.8208   200594    5.88%
   1904  1438    17093.7000   809    17401.9500    16378.8208   201847    5.88%
   1958  1492    17128.6500   811    17401.9500    16378.8208   202732    5.88%
   2003  1535    17148.6000   794    17401.9500    16378.8208   204974    5.88%
   2064  1596    17202.1500   781    17401.9500    16378.8208   206714    5.88%
   2121  1652    17254.7500   762    17401.9500    16378.8208   208060    5.88%
Elapsed time = 1816.53 sec. (868356.70 ticks, tree = 78.47 MB, solutions = 4)
   2175  1705    17289.1000   723    17401.9500    16378.8208   209003    5.88%
   2233  1762    17318.8000   702    17401.9500    16378.8208   209733    5.88%
   2302  1831    17350.4000   666    17401.9500    16378.8208   210854    5.88%
   2362  1891    17375.3500   646    17401.9500    16378.8208   211615    5.88%
   2424  1953    17393.5000   624    17401.9500    16378.8208   212210    5.88%
   2447  1971    16394.6624  1598    17401.9500    16378.8208   216214    5.88%
   2470  1994    16422.7876  1582    17401.9500    16378.8208   220210    5.88%
   2511  2035    16452.0082  1514    17401.9500    16378.8208   223896    5.88%
   2549  2071    16463.6279  1485    17401.9500    16378.8208   225558    5.88%
   2598  2120    16479.7427  1455    17401.9500    16378.8208   228239    5.88%
Elapsed time = 1870.36 sec. (907394.79 ticks, tree = 100.25 MB, solutions = 4)
   2634  2156    16503.1963  1410    17401.9500    16378.8208   231577    5.88%
   2681  2203    16521.7774  1364    17401.9500    16378.8208   233728    5.88%
   2736  2258    16582.7144  1336    17401.9500    16378.8208   235729    5.88%
   2787  2309    16615.9818  1302    17401.9500    16378.8208   236971    5.88%
   2847  2369    16633.7011  1256    17401.9500    16378.8208   237929    5.88%
   2907  2429    16670.4360  1232    17401.9500    16378.8208   239193    5.88%
   2965  2487    16713.2667  1203    17401.9500    16378.8208   240358    5.88%
   3027  2549    16768.5594  1195    17401.9500    16378.8208   241920    5.88%
   3098  2620    16797.9137  1133    17401.9500    16378.8208   243262    5.88%
   3156  2678    16852.9137  1073    17401.9500    16378.8208   244097    5.88%
Elapsed time = 1919.56 sec. (947607.49 ticks, tree = 124.80 MB, solutions = 4)
   3207  2729    16874.3078  1059    17401.9500    16378.8208   244951    5.88%
   3264  2786    16897.1642  1045    17401.9500    16378.8208   246021    5.88%
   3314  2836    16930.3147  1029    17401.9500    16378.8208   247055    5.88%
   3360  2882    16951.4068  1008    17401.9500    16378.8208   247800    5.88%
   3426  2948    16974.8068   994    17401.9500    16378.8208   248695    5.88%
   3468  2990    17003.2083   971    17401.9500    16378.8208   249720    5.88%
   3523  3045    17028.3554   947    17401.9500    16378.8208   251179    5.88%
   3573  3095    17067.3502   926    17401.9500    16378.8208   252336    5.88%
   3626  3148    17081.7500   902    17401.9500    16378.8208   253312    5.88%
   3667  3189    17111.9500   899    17401.9500    16378.8208   254125    5.88%
Elapsed time = 1976.56 sec. (989748.14 ticks, tree = 148.24 MB, solutions = 4)
Nodefile size = 20.36 MB (7.26 MB after compression)
   3730  3252    17135.4500   872    17401.9500    16378.8208   255272    5.88%
   3795  3317    17154.8000   847    17401.9500    16378.8208   256186    5.88%
   3859  3381    17165.4500   797    17401.9500    16378.8208   257095    5.88%
   3926  3448    17208.8062   769    17401.9500    16378.8208   258140    5.88%
   3990  3512    17252.9500   748    17401.9500    16378.8208   259330    5.88%
   4048  3570    17291.7500   725    17401.9500    16378.8208   260097    5.88%
   4109  3631    17345.9000   696    17401.9500    16378.8208   260643    5.88%
   4169  3691    17393.3609   671    17401.9500    16378.8208   261420    5.88%
   4230  3742    16382.1007  1498    17401.9500    16378.8879   262702    5.88%
   4237  3749    16380.7660  1489    17401.9500    16379.0583   264016    5.88%
Elapsed time = 2029.95 sec. (1029597.01 ticks, tree = 175.06 MB, solutions = 4)
Nodefile size = 47.78 MB (16.92 MB after compression)
   4246  3758    16381.8233  1480    17401.9500    16379.3294   266839    5.88%
   4270  3782    16381.6860  1538    17401.9500    16379.3294   271198    5.88%
   4285  3797    16399.5100  1598    17401.9500    16379.3294   275794    5.88%
   4307  3819    16426.6024  1574    17401.9500    16379.3294   280028    5.88%
   4337  3849    16452.9980  1519    17401.9500    16379.3294   283663    5.88%
   4377  3889    16477.0199  1466    17401.9500    16379.3294   287214    5.88%
   4413  3925    16498.4885  1433    17401.9500    16379.3294   290483    5.88%
   4453  3965    16516.9508  1401    17401.9500    16379.3294   293176    5.88%
   4467  3979    16524.4214  1388    17401.9500    16379.3294   293919    5.88%
   4484  3996    16406.5844  1578    17401.9500    16379.3494   299761    5.88%
Elapsed time = 2109.31 sec. (1073919.16 ticks, tree = 185.64 MB, solutions = 4)
Nodefile size = 58.52 MB (20.47 MB after compression)
   4520  4032    16439.7923  1512    17401.9500    16379.3494   303546    5.88%
   4555  4067    16479.1952  1474    17401.9500    16379.3494   307190    5.88%
   4610  4122    16534.6243  1407    17401.9500    16379.3494   310445    5.88%
   4668  4180    16612.8041  1322    17401.9500    16379.3494   313554    5.88%
   4681  4193    16408.2263  1579    17401.9500    16379.3494   318753    5.88%
   4703  4215    16432.7503  1538    17401.9500    16379.3494   324115    5.88%
   4745  4256    16469.4666  1492    17401.9500    16379.3494   327439    5.88%
   4804  4315    16548.9784  1392    17401.9500    16379.3494   330842    5.88%
   4867  4378    16621.2790  1320    17401.9500    16379.3494   333312    5.88%
   4890  4401    16417.6943  1536    17401.9500    16379.3547   339166    5.88%
Elapsed time = 2172.81 sec. (1114613.80 ticks, tree = 203.12 MB, solutions = 4)
Nodefile size = 75.93 MB (26.07 MB after compression)
   4914  4425    16465.7454  1511    17401.9500    16379.3547   343975    5.88%
   4955  4466    16501.9312  1447    17401.9500    16379.3547   347013    5.88%
   5019  4530    16574.9812  1377    17401.9500    16379.3547   349692    5.88%
   5073  4584    16382.0819  1527    17401.9500    16379.4151   352068    5.88%
   5089  4600    16413.7898  1573    17401.9500    16379.4151   357651    5.88%
   5111  4622    16442.3897  1558    17401.9500    16379.4151   361895    5.88%
   5137  4648    16477.5574  1510    17401.9500    16379.4151   365755    5.88%
   5179  4690    16526.5231  1439    17401.9500    16379.4151   369669    5.88%
   5227  4738    16581.9362  1373    17401.9500    16379.4151   373453    5.88%
   5267  4778    16607.4614  1346    17401.9500    16379.4151   375683    5.88%
Elapsed time = 2239.58 sec. (1154378.58 ticks, tree = 219.39 MB, solutions = 4)
Nodefile size = 91.50 MB (30.89 MB after compression)
   5287  4798    16405.2249  1563    17401.9500    16379.4248   381090    5.88%
   5321  4832    16454.8482  1548    17401.9500    16379.4248   385618    5.88%
   5362  4873    16487.4931  1492    17401.9500    16379.4248   388442    5.88%
   5388  4899    16509.7526  1471    17401.9500    16379.4248   390745    5.88%
   5439  4950    16537.8891  1415    17401.9500    16379.4248   393641    5.88%
   5477  4988    16389.0902  1560    17401.9500    16379.5211   396861    5.88%
   5495  5006    16425.5404  1544    17401.9500    16379.5211   402065    5.88%
   5518  5029    16464.5260  1493    17401.9500    16379.5211   406094    5.88%
   5557  5068    16523.8299  1476    17401.9500    16379.5211   409653    5.88%
   5625  5136    16604.6819  1387    17401.9500    16379.5211   412250    5.88%
Elapsed time = 2301.61 sec. (1193240.10 ticks, tree = 236.95 MB, solutions = 4)
Nodefile size = 109.02 MB (36.15 MB after compression)
   5667  5178    16651.7687  1334    17401.9500    16379.5211   413391    5.88%
   5687  5198    16403.0858  1545    17401.9500    16379.5415   418156    5.88%
   5714  5225    16454.9151  1493    17401.9500    16379.5415   423608    5.88%
   5757  5268    16512.5342  1467    17401.9500    16379.5415   427350    5.88%
   5817  5328    16584.7339  1370    17401.9500    16379.5415   430631    5.88%
   5872  5383    16381.3427  1514    17401.9500    16379.5415   433569    5.88%
   5887  5398    16406.0902  1536    17401.9500    16379.5415   438216    5.88%
   5928  5439    16454.1685  1467    17401.9500    16379.5415   442704    5.88%
   5984  5495    16511.7407  1390    17401.9500    16379.5415   446766    5.88%
   6051  5562    16572.0005  1339    17401.9500    16379.5415   449679    5.88%
Elapsed time = 2369.51 sec. (1235966.42 ticks, tree = 255.34 MB, solutions = 4)
Nodefile size = 127.66 MB (41.45 MB after compression)
   6067  5578    16576.9689  1311    17401.9500    16379.5415   450039    5.88%
   6086  5597    16412.1264  1547    17401.9500    16379.9457   455980    5.87%
   6111  5622    16445.9409  1488    17401.9500    16379.9457   460692    5.87%
   6155  5666    16503.0865  1447    17401.9500    16379.9457   465624    5.87%
   6206  5717    16567.7063  1389    17401.9500    16379.9457   468223    5.87%
   6269  5780    16380.2950  1462    17401.9500    16379.9674   469951    5.87%
   6288  5799    16419.2093  1543    17401.9500    16379.9674   474580    5.87%
   6313  5824    16463.1746  1517    17401.9500    16379.9674   479703    5.87%
   6346  5857    16488.0119  1494    17401.9500    16379.9674   483494    5.87%
   6396  5907    16535.6873  1433    17401.9500    16379.9674   486492    5.87%
Elapsed time = 2450.88 sec. (1280029.06 ticks, tree = 270.22 MB, solutions = 4)
Nodefile size = 142.59 MB (45.46 MB after compression)
   6431  5942    16557.2165  1379    17401.9500    16379.9674   488502    5.87%
   6467  5978    16581.0644  1351    17401.9500    16379.9674   490555    5.87%
   6483  5994    16407.5727  1552    17401.9500    16379.9710   496538    5.87%
   6510  6021    16440.9592  1530    17401.9500    16379.9710   501739    5.87%
   6562  6073    16499.0172  1431    17401.9500    16379.9710   505301    5.87%
   6623  6134    16564.7030  1357    17401.9500    16379.9710   508288    5.87%
   6679  6190    16392.6804  1528    17401.9500    16380.0728   512054    5.87%
   6709  6220    16433.3395  1504    17401.9500    16380.0728   516902    5.87%
   6743  6254    16477.5581  1444    17401.9500    16380.0728   519301    5.87%
   6796  6307    16547.4028  1394    17401.9500    16380.0728   522430    5.87%
Elapsed time = 2518.80 sec. (1319106.74 ticks, tree = 287.48 MB, solutions = 4)
Nodefile size = 159.84 MB (49.96 MB after compression)
   6867  6378    16600.8467  1320    17401.9500    16380.0728   524352    5.87%
   6887  6398    16406.6614  1570    17401.9500    16380.2950   529054    5.87%
   6911  6422    16452.5517  1524    17401.9500    16380.2950   534486    5.87%
   6961  6472    16502.5949  1468    17401.9500    16380.2950   538354    5.87%
   7033  6544    16575.8234  1375    17401.9500    16380.2950   540422    5.87%
   7081  6592    16399.1821  1570    17401.9500    16380.3475   544909    5.87%
   7100  6611    16428.0702  1541    17401.9500    16380.3475   549287    5.87%
   7124  6635    16453.7855  1506    17401.9500    16380.3475   554580    5.87%
   7157  6668    16481.9736  1464    17401.9500    16380.3475   558575    5.87%
   7205  6716    16529.5618  1403    17401.9500    16380.3475   561720    5.87%
Elapsed time = 2579.30 sec. (1357882.80 ticks, tree = 305.13 MB, solutions = 4)
Nodefile size = 177.99 MB (54.62 MB after compression)
   7266  6777    16606.3201  1351    17401.9500    16380.3475   564405    5.87%
   7267  6778    16606.6750  1349    17401.9500    16380.3475   564426    5.87%
   7283  6794    16397.5484  1569    17401.9500    16380.3831   568489    5.87%
   7307  6818    16426.7770  1530    17401.9500    16380.3831   573799    5.87%
   7347  6858    16471.6219  1517    17401.9500    16380.3831   577519    5.87%
   7397  6908    16502.1016  1449    17401.9500    16380.3831   580572    5.87%
   7451  6962    16541.5242  1419    17401.9500    16380.3831   582937    5.87%
   7485  6996    16400.4800  1565    17401.9500    16380.6027   587830    5.87%
   7507  7018    16441.7525  1510    17401.9500    16380.6027   593045    5.87%
   7540  7051    16484.1263  1449    17401.9500    16380.6027   596494    5.87%
Elapsed time = 2648.13 sec. (1398695.79 ticks, tree = 319.58 MB, solutions = 4)
Nodefile size = 192.30 MB (58.26 MB after compression)
   7588  7099    16542.7292  1401    17401.9500    16380.6027   599720    5.87%
   7665  7176    16603.0438  1299    17401.9500    16380.6027   601907    5.87%
   7667  7178    16603.8129  1301    17401.9500    16380.6027   602018    5.87%
   7691  7202    16413.6826  1512    17401.9500    16380.6050   606674    5.87%
   7717  7228    16443.1335  1489    17401.9500    16380.6050   611483    5.87%
   7774  7285    16479.9130  1428    17401.9500    16380.6050   615270    5.87%
   7833  7344    16528.9422  1378    17401.9500    16380.6050   618842    5.87%
   7877  7388    16385.5575  1521    17401.9500    16380.6359   622655    5.87%
   7898  7409    16424.1653  1525    17401.9500    16380.6359   628327    5.87%
   7925  7436    16471.2521  1489    17401.9500    16380.6359   632823    5.87%
Elapsed time = 2714.42 sec. (1440432.55 ticks, tree = 338.33 MB, solutions = 4)
Nodefile size = 210.37 MB (62.84 MB after compression)
   7967  7478    16523.2874  1420    17401.9500    16380.6359   636721    5.87%
   8008  7519    16569.6922  1378    17401.9500    16380.6359   641650    5.87%
   8067  7578    16620.8996  1333    17401.9500    16380.6359   644156    5.87%
   8089  7600    16407.2132  1553    17401.9500    16380.7249   648052    5.87%
   8106  7617    16448.8658  1524    17401.9500    16380.7249   653800    5.87%
   8126  7637    16475.8398  1520    17401.9500    16380.7249   656444    5.87%
   8169  7680    16524.3196  1465    17401.9500    16380.7249   660493    5.87%
   8232  7743    16577.6755  1397    17401.9500    16380.7249   663067    5.87%
   8286  7797    16392.1323  1512    17401.9500    16380.7272   667683    5.87%
   8322  7833    16433.8236  1507    17401.9500    16380.7272   673023    5.87%
Elapsed time = 2789.36 sec. (1484769.14 ticks, tree = 355.47 MB, solutions = 4)
Nodefile size = 227.65 MB (67.23 MB after compression)
   8371  7882    16486.9766  1414    17401.9500    16380.7272   676630    5.87%
   8435  7946    16512.8322  1366    17401.9500    16380.7272   679155    5.87%
   8467  7978    16539.7558  1347    17401.9500    16380.7272   680556    5.87%
   8495  8006    16415.7687  1506    17401.9500    16380.7660   686092    5.87%
   8526  8037    16448.3802  1475    17401.9500    16380.7660   689812    5.87%
   8585  8096    16511.5001  1396    17401.9500    16380.7660   693003    5.87%
   8651  8162    16565.3576  1350    17401.9500    16380.7660   695281    5.87%
   8683  8194    16393.2231  1528    17401.9500    16380.7916   698960    5.87%
   8701  8212    16434.9275  1529    17401.9500    16380.7916   704728    5.87%
   8719  8230    16461.6317  1490    17401.9500    16380.7916   709194    5.87%
Elapsed time = 2856.06 sec. (1527959.29 ticks, tree = 372.59 MB, solutions = 4)
Nodefile size = 244.92 MB (71.56 MB after compression)
   8761  8272    16510.1088  1430    17401.9500    16380.7916   712992    5.87%
   8818  8329    16562.7481  1377    17401.9500    16380.7916   716229    5.87%
   8867  8378    16621.9318  1336    17401.9500    16380.7916   718145    5.87%
   8891  8402    16409.1917  1557    17401.9500    16380.7916   723230    5.87%
   8919  8430    16447.2886  1525    17401.9500    16380.7916   727910    5.87%
   8970  8481    16494.7302  1469    17401.9500    16380.7916   731690    5.87%
   9048  8559    16565.9917  1349    17401.9500    16380.7916   733748    5.87%
   9082  8593    16388.4022  1546    17401.9500    16380.7946   737743    5.87%
   9109  8620    16428.4955  1522    17401.9500    16380.7946   742980    5.87%
   9149  8660    16481.3452  1469    17401.9500    16380.7946   747017    5.87%
Elapsed time = 2923.56 sec. (1572023.70 ticks, tree = 391.14 MB, solutions = 4)
Nodefile size = 263.99 MB (76.33 MB after compression)
   9212  8723    16536.7167  1427    17401.9500    16380.7946   750023    5.87%
   9267  8778    16585.3087  1343    17401.9500    16380.7946   753386    5.87%
   9288  8799    16402.4705  1524    17401.9500    16380.8159   758173    5.87%
   9307  8818    16435.4214  1552    17401.9500    16380.8159   763835    5.87%
   9349  8860    16480.1713  1487    17401.9500    16380.8159   767671    5.87%
   9405  8916    16511.6178  1434    17401.9500    16380.8159   769764    5.87%
   9459  8970    16545.1083  1398    17401.9500    16380.8159   771497    5.87%
   9487  8998    16403.0904  1530    17401.9500    16380.8187   775308    5.87%
   9516  9027    16445.0318  1490    17401.9500    16380.8187   780613    5.87%
   9571  9082    16497.0348  1431    17401.9500    16380.8187   784251    5.87%
Elapsed time = 2999.81 sec. (1619400.65 ticks, tree = 409.34 MB, solutions = 4)
Nodefile size = 282.14 MB (80.85 MB after compression)
   9628  9139    16552.2405  1351    17401.9500    16380.8187   787834    5.87%
   9667  9178    16585.4261  1314    17401.9500    16380.8187   788997    5.87%
   9694  9205    16412.5837  1527    17401.9500    16380.8221   794703    5.87%
   9720  9231    16447.6703  1490    17401.9500    16380.8221   799537    5.87%
   9760  9271    16494.9922  1464    17401.9500    16380.8221   803385    5.87%
*  9807+ 9096                        17340.6500    16380.8221   806181    5.54%
Found incumbent of value 17340.650000 after 3378.53 sec. (1800780.92 ticks)
*  9807+ 9076                        17333.8500    16380.8221   806181    5.50%
Found incumbent of value 17333.850000 after 3469.76 sec. (1847141.12 ticks)
   9807  9078    16546.7125  1404    17333.8500    16380.8221   806181    5.50%
   9827  9098    16404.0881  1552    17333.8500    16380.9292   810194    5.50%
   9856  9127    16441.6625  1520    17333.8500    16380.9292   815123    5.50%
*  9907+ 9156                        17325.2500    16380.9292   818804    5.45%
Found incumbent of value 17325.250000 after 3729.14 sec. (1965035.64 ticks)
*  9907+ 9116                        17319.2500    16380.9292   818804    5.42%
Found incumbent of value 17319.250000 after 3753.11 sec. (1977330.49 ticks)
*  9907+ 9096                        17317.8500    16380.9292   818804    5.41%
Found incumbent of value 17317.850000 after 3781.63 sec. (1991196.90 ticks)
*  9907+ 9096                        17317.1500    16380.9292   818804    5.41%
Found incumbent of value 17317.150000 after 3843.13 sec. (2020903.20 ticks)
*  9907+ 9096                        17317.1000    16380.9292   818804    5.41%
Found incumbent of value 17317.100000 after 3844.55 sec. (2021998.95 ticks)
*  9907+ 9096                        17314.8000    16380.9292   818804    5.39%
Found incumbent of value 17314.800000 after 3849.06 sec. (2025243.29 ticks)
*  9907+ 9096                        17314.6500    16380.9292   818804    5.39%
Found incumbent of value 17314.650000 after 3862.42 sec. (2034755.65 ticks)
   9907  9098    16493.3630  1419    17314.6500    16380.9292   818804    5.39%
   9970  9161    16553.3101  1356    17314.6500    16380.9292   822369    5.39%
Elapsed time = 3878.34 sec. (2046316.99 ticks, tree = 413.11 MB, solutions = 13)
Nodefile size = 285.62 MB (79.84 MB after compression)
  10036  9227    16613.2724  1279    17314.6500    16380.9292   825736    5.39%
  10103  9294    16672.6427  1241    17314.6500    16380.9292   828476    5.39%
  10181  9372    16737.1225  1174    17314.6500    16380.9292   830442    5.39%
  10261  9452    16826.2967  1124    17314.6500    16380.9292   832195    5.39%
  10288  9479    16406.4024  1529    17314.6500    16380.9833   837363    5.39%
  10319  9510    16456.6244  1498    17314.6500    16380.9833   841895    5.39%
  10374  9565    16515.6652  1459    17314.6500    16380.9833   846044    5.39%
  10432  9623    16571.7226  1393    17314.6500    16380.9833   848720    5.39%
  10473  9664    16383.5051  1540    17314.6500    16380.9833   850921    5.39%
  10497  9688    16411.8437  1528    17314.6500    16380.9833   856667    5.39%
Elapsed time = 3932.56 sec. (2085500.98 ticks, tree = 436.10 MB, solutions = 13)
Nodefile size = 308.55 MB (85.91 MB after compression)
  10518  9709    16453.1678  1507    17314.6500    16380.9833   861895    5.39%
  10563  9754    16504.2073  1466    17314.6500    16380.9833   865856    5.39%
  10614  9805    16552.7332  1389    17314.6500    16380.9833   869332    5.39%
  10671  9862    16383.7023  1566    17314.6500    16380.9851   872716    5.39%
  10697  9888    16415.7158  1521    17314.6500    16380.9851   878148    5.39%
  10724  9915    16465.1788  1487    17314.6500    16380.9851   883456    5.39%
  10778  9969    16522.4390  1417    17314.6500    16380.9851   887077    5.39%
  10815 10006    16560.7118  1380    17314.6500    16380.9851   889146    5.39%
  10874 10065    16386.7827  1526    17314.6500    16380.9915   892028    5.39%
  10896 10087    16419.7491  1550    17314.6500    16380.9915   897015    5.39%
Elapsed time = 4216.91 sec. (2176317.46 ticks, tree = 453.36 MB, solutions = 13)
Nodefile size = 325.83 MB (90.23 MB after compression)
  10914 10105    16449.8913  1519    17314.6500    16380.9915   902402    5.39%
  10965 10156    16496.7853  1462    17314.6500    16380.9915   906202    5.39%
  11020 10211    16558.4051  1380    17314.6500    16380.9915   909831    5.39%
  11072 10263    16382.9453  1516    17314.6500    16380.9970   912708    5.39%
  11101 10292    16422.4672  1533    17314.6500    16380.9970   918518    5.39%
  11134 10325    16474.7747  1448    17314.6500    16380.9970   923090    5.39%
  11184 10375    16526.5656  1430    17314.6500    16380.9970   926529    5.39%
  11254 10445    16589.4329  1306    17314.6500    16380.9970   929426    5.39%
  11288 10479    16415.5584  1501    17314.6500    16381.0292   933647    5.39%
  11306 10497    16445.2491  1513    17314.6500    16381.0292   939003    5.39%
Elapsed time = 4274.11 sec. (2215231.92 ticks, tree = 471.06 MB, solutions = 13)
Nodefile size = 343.08 MB (94.52 MB after compression)
  11345 10536    16483.9008  1435    17314.6500    16381.0292   943704    5.39%
  11389 10580    16529.3133  1438    17314.6500    16381.0292   947325    5.39%
  11446 10637    16565.0194  1375    17314.6500    16381.0292   950564    5.39%
  11480 10671    16384.5819  1535    17314.6500    16381.0406   954601    5.39%
  11509 10700    16415.3669  1481    17314.6500    16381.0406   959234    5.39%
  11555 10746    16457.6168  1438    17314.6500    16381.0406   962965    5.39%
  11609 10800    16510.9561  1353    17314.6500    16381.0406   967120    5.39%
  11669 10860    16383.7814  1508    17314.6500    16381.0533   969688    5.39%
  11693 10884    16416.7106  1532    17314.6500    16381.0533   975265    5.39%
  11718 10909    16460.4366  1492    17314.6500    16381.0533   980581    5.39%
Elapsed time = 4330.25 sec. (2254450.73 ticks, tree = 488.82 MB, solutions = 13)
Nodefile size = 361.21 MB (99.02 MB after compression)
  11754 10945    16494.1221  1437    17314.6500    16381.0533   984716    5.39%
  11809 11000    16553.9479  1381    17314.6500    16381.0533   988172    5.39%
  11868 11059    16620.2810  1306    17314.6500    16381.0533   990998    5.39%
  11888 11079    16407.2960  1520    17314.6500    16381.0987   996081    5.39%
  11915 11106    16446.8216  1482    17314.6500    16381.0987  1000790    5.39%
  11964 11155    16501.1177  1448    17314.6500    16381.0987  1004806    5.39%
  12025 11216    16567.0203  1369    17314.6500    16381.0987  1007654    5.39%
  12080 11271    16400.0705  1535    17314.6500    16381.1388  1011920    5.39%
  12109 11300    16450.0702  1509    17314.6500    16381.1388  1016699    5.39%
  12171 11362    16503.1987  1436    17314.6500    16381.1388  1019811    5.39%
Elapsed time = 4385.48 sec. (2293327.18 ticks, tree = 508.37 MB, solutions = 13)
Nodefile size = 381.16 MB (103.94 MB after compression)
  12243 11434    16583.4926  1375    17314.6500    16381.1388  1022080    5.39%
  12283 11474    16387.4320  1514    17314.6500    16381.1399  1024768    5.39%
  12316 11507    16420.8229  1513    17314.6500    16381.1399  1029429    5.39%
  12340 11531    16460.5987  1462    17314.6500    16381.1399  1034371    5.39%
  12378 11569    16493.3711  1434    17314.6500    16381.1399  1038052    5.39%
  12426 11617    16537.3591  1401    17314.6500    16381.1399  1041502    5.39%
  12476 11667    16386.7036  1547    17314.6500    16381.1592  1045074    5.39%
  12500 11691    16429.0804  1537    17314.6500    16381.1592  1050959    5.39%
  12525 11716    16459.8426  1487    17314.6500    16381.1592  1056004    5.39%
  12559 11750    16505.2132  1467    17314.6500    16381.1592  1060062    5.39%
Elapsed time = 4447.98 sec. (2333748.12 ticks, tree = 527.25 MB, solutions = 13)
Nodefile size = 399.60 MB (108.47 MB after compression)
  12614 11805    16561.9089  1402    17314.6500    16381.1592  1063292    5.39%
  12679 11870    16389.9740  1506    17314.6500    16381.1652  1066107    5.39%
  12701 11892    16432.8502  1505    17314.6500    16381.1652  1072138    5.39%
  12729 11920    16468.3127  1472    17314.6500    16381.1652  1076885    5.39%
  12784 11975    16518.6848  1416    17314.6500    16381.1652  1080304    5.39%
  12842 12033    16572.9453  1352    17314.6500    16381.1652  1083888    5.39%
  12886 12077    16396.1616  1512    17314.6500    16381.1692  1088307    5.39%
  12908 12099    16437.9896  1526    17314.6500    16381.1692  1094134    5.39%
  12956 12147    16499.8376  1445    17314.6500    16381.1692  1098167    5.39%
  13020 12211    16559.4398  1355    17314.6500    16381.1692  1100548    5.39%
Elapsed time = 4505.36 sec. (2372855.82 ticks, tree = 547.15 MB, solutions = 13)
Nodefile size = 419.47 MB (113.41 MB after compression)
  13070 12261    16386.0843  1510    17314.6500    16381.1806  1102804    5.39%
  13089 12280    16413.8941  1517    17314.6500    16381.1806  1107959    5.39%
  13118 12309    16448.7232  1490    17314.6500    16381.1806  1112674    5.39%
  13164 12355    16502.3202  1450    17314.6500    16381.1806  1116679    5.39%
  13211 12402    16556.8521  1393    17314.6500    16381.1806  1120877    5.39%
  13271 12462    16384.0288  1519    17314.6500    16381.1835  1124001    5.39%
  13289 12480    16395.9709  1526    17314.6500    16381.1835  1128919    5.39%
  13312 12503    16424.5550  1521    17314.6500    16381.1835  1135003    5.39%
  13338 12529    16452.6872  1475    17314.6500    16381.1835  1139832    5.39%
  13388 12579    16498.4206  1455    17314.6500    16381.1835  1143443    5.39%
Elapsed time = 4565.05 sec. (2411676.52 ticks, tree = 563.03 MB, solutions = 13)
Nodefile size = 435.88 MB (117.47 MB after compression)
  13442 12633    16555.9694  1390    17314.6500    16381.1835  1146972    5.39%
  13479 12670    16395.6049  1491    17314.6500    16381.2235  1151274    5.39%
  13509 12700    16432.4775  1475    17314.6500    16381.2235  1155877    5.39%
  13548 12739    16489.9843  1433    17314.6500    16381.2235  1160730    5.39%
  13602 12793    16550.2430  1384    17314.6500    16381.2235  1163872    5.39%
  13669 12860    16382.8695  1540    17314.6500    16381.2268  1166439    5.39%
  13690 12881    16401.4343  1537    17314.6500    16381.2268  1171872    5.39%
  13712 12903    16441.7521  1519    17314.6500    16381.2268  1177332    5.39%
  13741 12932    16483.5125  1480    17314.6500    16381.2268  1182094    5.39%
  13797 12988    16546.6647  1408    17314.6500    16381.2268  1184904    5.39%
Elapsed time = 4621.31 sec. (2450466.50 ticks, tree = 580.68 MB, solutions = 13)
Nodefile size = 453.26 MB (122.23 MB after compression)
  13860 13051    16597.7474  1355    17314.6500    16381.2268  1188200    5.39%
  13882 13073    16392.3661  1536    17314.6500    16381.2593  1192476    5.39%
  13902 13093    16422.3950  1531    17314.6500    16381.2593  1198367    5.39%
  13925 13116    16464.0998  1505    17314.6500    16381.2593  1203794    5.39%
  13961 13152    16524.4480  1457    17314.6500    16381.2593  1208226    5.39%
  14020 13211    16573.8985  1385    17314.6500    16381.2593  1211884    5.39%
  14074 13265    16387.2671  1539    17314.6500    16381.3427  1215548    5.39%
  14096 13287    16419.6476  1543    17314.6500    16381.3427  1220269    5.39%
  14118 13309    16448.3098  1500    17314.6500    16381.3427  1224766    5.39%
  14152 13343    16493.8595  1484    17314.6500    16381.3427  1229930    5.39%
Elapsed time = 4680.45 sec. (2489483.65 ticks, tree = 596.00 MB, solutions = 13)
Nodefile size = 468.68 MB (126.03 MB after compression)
  14205 13396    16551.3230  1419    17314.6500    16381.3427  1233447    5.39%
  14269 13460    16381.3995  1496    17314.6500    16381.3585  1235906    5.39%
  14292 13483    16412.2658  1523    17314.6500    16381.3585  1241026    5.39%
  14317 13508    16440.6911  1498    17314.6500    16381.3585  1246132    5.39%
  14359 13550    16483.6643  1427    17314.6500    16381.3585  1250509    5.39%
  14402 13593    16539.2937  1417    17314.6500    16381.3585  1254099    5.39%
  14452 13643    16572.3883  1373    17314.6500    16381.3585  1256518    5.39%
  14489 13680    16402.5301  1503    17314.6500    16381.3856  1261099    5.39%
  14515 13706    16448.8186  1511    17314.6500    16381.3856  1266704    5.39%
  14548 13739    16495.0120  1476    17314.6500    16381.3856  1271051    5.39%
Elapsed time = 4736.70 sec. (2528150.14 ticks, tree = 613.08 MB, solutions = 13)
Nodefile size = 485.90 MB (130.28 MB after compression)
  14590 13781    16540.1504  1414    17314.6500    16381.3856  1275267    5.39%
  14654 13845    16608.2941  1341    17314.6500    16381.3856  1278403    5.39%
  14683 13874    16395.7579  1519    17314.6500    16381.3856  1282039    5.39%
  14713 13904    16435.8947  1503    17314.6500    16381.3856  1286912    5.39%
  14744 13935    16480.3781  1456    17314.6500    16381.3856  1291048    5.39%
  14792 13983    16529.3229  1391    17314.6500    16381.3856  1295065    5.39%
  14850 14041    16577.8833  1340    17314.6500    16381.3856  1298608    5.39%
  14884 14075    16393.8677  1527    17314.6500    16381.3961  1303593    5.39%
  14911 14102    16444.6545  1530    17314.6500    16381.3961  1308885    5.39%
  14941 14132    16489.8328  1444    17314.6500    16381.3961  1313438    5.39%
Elapsed time = 4797.39 sec. (2567498.45 ticks, tree = 630.04 MB, solutions = 13)
Nodefile size = 502.23 MB (134.32 MB after compression)
  14979 14170    16543.9153  1428    17314.6500    16381.3961  1318046    5.39%
  15027 14218    16585.8690  1356    17314.6500    16381.3961  1321903    5.39%
  15072 14263    16384.9807  1537    17314.6500    16381.3995  1326192    5.39%
  15097 14288    16423.5545  1539    17314.6500    16381.3995  1332031    5.39%
  15123 14314    16451.8570  1511    17314.6500    16381.3995  1337140    5.39%
  15163 14354    16498.1660  1447    17314.6500    16381.3995  1341720    5.39%
  15223 14414    16569.4734  1385    17314.6500    16381.3995  1344923    5.39%
  15276 14467    16388.8955  1541    17314.6500    16381.4188  1348463    5.39%
  15311 14502    16418.0649  1494    17314.6500    16381.4188  1352413    5.39%
  15336 14527    16442.2634  1478    17314.6500    16381.4188  1357213    5.39%
Elapsed time = 4856.50 sec. (2606835.12 ticks, tree = 647.05 MB, solutions = 13)
Nodefile size = 519.47 MB (138.59 MB after compression)
  15377 14568    16476.3420  1448    17314.6500    16381.4188  1361347    5.39%
  15422 14613    16504.4674  1416    17314.6500    16381.4188  1364738    5.39%
  15469 14660    16382.8090  1501    17314.6500    16381.4429  1369007    5.39%
  15496 14687    16422.0901  1550    17314.6500    16381.4429  1374758    5.39%
  15524 14715    16461.4775  1496    17314.6500    16381.4429  1379386    5.39%
  15569 14760    16526.1895  1465    17314.6500    16381.4429  1383731    5.39%
  15630 14821    16590.3475  1391    17314.6500    16381.4429  1386436    5.39%
  15679 14870    16392.7346  1539    17314.6500    16381.4649  1390198    5.39%
  15703 14894    16438.2223  1545    17314.6500    16381.4649  1395403    5.39%
  15740 14931    16474.5989  1493    17314.6500    16381.4649  1400589    5.39%
Elapsed time = 4915.03 sec. (2646267.37 ticks, tree = 664.52 MB, solutions = 13)
Nodefile size = 536.69 MB (142.82 MB after compression)
  15785 14976    16532.0652  1436    17314.6500    16381.4649  1404572    5.39%
  15860 15051    16594.3366  1363    17314.6500    16381.4649  1406782    5.39%
  15887 15078    16400.5292  1513    17314.6500    16381.5039  1411913    5.39%
  15903 15094    16439.9196  1505    17314.6500    16381.5039  1417949    5.39%
  15932 15123    16477.6958  1489    17314.6500    16381.5039  1423083    5.39%
  15978 15169    16536.3641  1410    17314.6500    16381.5039  1427181    5.39%
  16042 15233    16605.5264  1345    17314.6500    16381.5039  1430189    5.39%
  16080 15271    16396.3721  1549    17314.6500    16381.5292  1434576    5.39%
  16105 15296    16441.5799  1540    17314.6500    16381.5292  1439817    5.39%
  16124 15315    16471.8269  1506    17314.6500    16381.5292  1445121    5.39%
Elapsed time = 4974.51 sec. (2685322.98 ticks, tree = 681.10 MB, solutions = 13)
Nodefile size = 553.92 MB (147.10 MB after compression)
  16153 15344    16506.5484  1433    17314.6500    16381.5292  1449729    5.39%
  16207 15398    16564.3945  1368    17314.6500    16381.5292  1453086    5.39%
  16267 15458    16652.0997  1312    17314.6500    16381.5292  1455667    5.39%
  16291 15482    16401.9283  1578    17314.6500    16381.5588  1460458    5.39%
  16322 15513    16443.4611  1540    17314.6500    16381.5588  1465321    5.39%
  16372 15563    16493.4338  1448    17314.6500    16381.5588  1468519    5.39%
  16412 15603    16535.7168  1407    17314.6500    16381.5588  1472433    5.39%
  16467 15658    16575.0387  1359    17314.6500    16381.5588  1474920    5.39%
  16496 15687    16418.2894  1519    17314.6500    16381.5847  1480723    5.39%
  16517 15708    16462.9119  1522    17314.6500    16381.5847  1486608    5.39%
Elapsed time = 5028.83 sec. (2724174.40 ticks, tree = 698.05 MB, solutions = 13)
Nodefile size = 570.23 MB (151.14 MB after compression)
  16559 15750    16505.5582  1451    17314.6500    16381.5847  1490334    5.39%
  16601 15792    16559.7975  1406    17314.6500    16381.5847  1494371    5.39%
  16650 15841    16615.5061  1334    17314.6500    16381.5847  1498431    5.39%
  16689 15880    16398.7730  1530    17314.6500    16381.5865  1503438    5.39%
  16716 15907    16447.9866  1509    17314.6500    16381.5865  1508608    5.39%
  16754 15945    16500.8696  1469    17314.6500    16381.5865  1512729    5.39%
  16814 16005    16561.9819  1419    17314.6500    16381.5865  1516074    5.39%
  16876 16067    16386.5766  1557    17314.6500    16381.5865  1518867    5.39%
  16901 16092    16424.2485  1527    17314.6500    16381.5865  1524527    5.39%
  16931 16122    16471.4273  1500    17314.6500    16381.5865  1529936    5.39%
Elapsed time = 5085.05 sec. (2763305.72 ticks, tree = 715.91 MB, solutions = 13)
Nodefile size = 588.36 MB (155.61 MB after compression)
  16975 16166    16534.5227  1470    17314.6500    16381.5865  1534297    5.39%
  17040 16231    16594.8954  1369    17314.6500    16381.5865  1536596    5.39%
  17084 16275    16391.5927  1510    17314.6500    16381.5881  1540575    5.39%
  17106 16297    16431.7867  1526    17314.6500    16381.5881  1545688    5.39%
  17137 16328    16487.6865  1462    17314.6500    16381.5881  1551327    5.39%
  17194 16385    16533.4773  1417    17314.6500    16381.5881  1554843    5.39%
  17247 16438    16598.4623  1369    17314.6500    16381.5881  1558161    5.39%
  17287 16478    16403.5350  1534    17314.6500    16381.6001  1562449    5.39%
  17314 16505    16440.8398  1478    17314.6500    16381.6001  1567699    5.39%
  17350 16541    16475.7267  1453    17314.6500    16381.6001  1571944    5.39%
Elapsed time = 5139.89 sec. (2801928.31 ticks, tree = 733.94 MB, solutions = 13)
Nodefile size = 606.49 MB (160.09 MB after compression)
  17400 16591    16507.6511  1418    17314.6500    16381.6001  1575810    5.39%
  17449 16640    16553.5806  1385    17314.6500    16381.6001  1578946    5.39%
  17484 16675    16400.7599  1510    17314.6500    16381.6195  1583025    5.39%
  17511 16702    16447.6887  1524    17314.6500    16381.6195  1588448    5.39%
  17545 16736    16508.1239  1464    17314.6500    16381.6195  1593113    5.39%
  17617 16808    16583.6159  1380    17314.6500    16381.6195  1595484    5.39%
  17679 16870    16389.6884  1554    17314.6500    16381.6333  1598333    5.39%
  17705 16896    16429.2739  1514    17314.6500    16381.6333  1604226    5.39%
  17738 16929    16481.5758  1476    17314.6500    16381.6333  1608932    5.39%
  17786 16977    16541.8752  1418    17314.6500    16381.6333  1612300    5.39%
Elapsed time = 5192.25 sec. (2840786.32 ticks, tree = 752.80 MB, solutions = 13)
Nodefile size = 625.52 MB (164.78 MB after compression)
  17849 17040    16594.8789  1360    17314.6500    16381.6333  1615389    5.39%
  17885 17076    16394.3123  1511    17314.6500    16381.6461  1618047    5.39%
  17908 17099    16444.6555  1485    17314.6500    16381.6461  1623872    5.39%
  17950 17141    16503.9753  1454    17314.6500    16381.6461  1627523    5.39%
  18004 17195    16562.9916  1383    17314.6500    16381.6461  1631367    5.39%
  18075 17266    16384.3975  1507    17314.6500    16381.6676  1634462    5.39%
  18102 17293    16417.7882  1520    17314.6500    16381.6676  1640432    5.39%
  18133 17324    16466.0607  1480    17314.6500    16381.6676  1645199    5.39%
  18174 17365    16525.1123  1449    17314.6500    16381.6676  1649278    5.39%
  18234 17425    16592.2381  1396    17314.6500    16381.6676  1652661    5.39%
Elapsed time = 5246.75 sec. (2879689.35 ticks, tree = 772.15 MB, solutions = 13)
Nodefile size = 644.57 MB (169.53 MB after compression)
  18279 17470    16388.4334  1524    17314.6500    16381.6715  1657047    5.39%
  18319 17510    16432.5493  1500    17314.6500    16381.6715  1661684    5.39%
  18362 17553    16481.3306  1488    17314.6500    16381.6715  1666373    5.39%
  18409 17600    16526.5063  1414    17314.6500    16381.6715  1669995    5.39%
  18460 17651    16550.0333  1376    17314.6500    16381.6715  1673458    5.39%
  18484 17675    16397.6607  1531    17314.6500    16381.6848  1678232    5.39%
  18511 17702    16440.7349  1511    17314.6500    16381.6848  1683817    5.39%
  18545 17736    16485.3138  1488    17314.6500    16381.6848  1688127    5.39%
  18598 17789    16540.9749  1442    17314.6500    16381.6848  1691650    5.39%
  18662 17853    16614.4566  1352    17314.6500    16381.6848  1694417    5.39%
Elapsed time = 5305.20 sec. (2918355.58 ticks, tree = 790.62 MB, solutions = 13)
Nodefile size = 662.70 MB (174.02 MB after compression)
  18685 17876    16396.4021  1564    17314.6500    16381.6863  1699091    5.39%
  18708 17899    16445.6051  1515    17314.6500    16381.6863  1704781    5.39%
  18743 17934    16488.1574  1466    17314.6500    16381.6863  1709945    5.39%
  18791 17982    16549.1016  1414    17314.6500    16381.6863  1713576    5.39%
  18846 18037    16607.4669  1346    17314.6500    16381.6863  1717187    5.39%
  18867 18058    16628.6830  1328    17314.6500    16381.6863  1717856    5.39%
  18895 18086    16403.7633  1529    17314.6500    16381.6867  1722909    5.39%
  18917 18108    16442.9797  1531    17314.6500    16381.6867  1728105    5.39%
  18957 18148    16498.0852  1443    17314.6500    16381.6867  1732607    5.39%
  19019 18210    16565.7584  1369    17314.6500    16381.6867  1735371    5.39%
Elapsed time = 5363.28 sec. (2958184.06 ticks, tree = 806.01 MB, solutions = 13)
Nodefile size = 678.10 MB (177.84 MB after compression)
  19079 18270    16389.3034  1532    17314.6500    16381.6945  1738890    5.39%
  19107 18298    16412.3126  1512    17314.6500    16381.6945  1743577    5.39%
  19151 18342    16461.9552  1437    17314.6500    16381.6945  1747711    5.39%
  19208 18399    16506.9940  1376    17314.6500    16381.6945  1751497    5.39%
  19267 18458    16546.5996  1318    17314.6500    16381.6945  1754447    5.39%
  19297 18488    16405.2459  1545    17314.6500    16381.7059  1758889    5.39%
  19326 18517    16442.7286  1491    17314.6500    16381.7059  1764116    5.39%
  19364 18555    16500.0563  1464    17314.6500    16381.7059  1767977    5.39%
  19427 18618    16548.8140  1417    17314.6500    16381.7059  1770867    5.39%
  19469 18660    16385.2485  1551    17314.6500    16381.7578  1772706    5.39%
Elapsed time = 5438.38 sec. (3003787.39 ticks, tree = 825.44 MB, solutions = 13)
Nodefile size = 698.30 MB (183.40 MB after compression)
  19494 18685    16407.2018  1506    17314.6500    16381.7578  1777694    5.39%
  19515 18706    16452.6589  1503    17314.6500    16381.7578  1783016    5.39%
  19548 18739    16502.5965  1449    17314.6500    16381.7578  1787958    5.39%
  19604 18795    16567.9232  1370    17314.6500    16381.7578  1792360    5.39%
  19669 18860    16384.5857  1502    17314.6500    16381.7584  1795808    5.39%
  19696 18887    16412.2744  1501    17314.6500    16381.7584  1801084    5.39%
  19717 18908    16450.1069  1485    17314.6500    16381.7584  1806311    5.39%
  19751 18942    16493.9931  1475    17314.6500    16381.7584  1810757    5.39%
  19794 18985    16544.5804  1399    17314.6500    16381.7584  1815672    5.39%
  19839 19030    16580.7715  1356    17314.6500    16381.7584  1819951    5.39%
Elapsed time = 5505.94 sec. (3043071.29 ticks, tree = 841.40 MB, solutions = 13)
Nodefile size = 713.70 MB (187.16 MB after compression)
  19878 19069    16387.1612  1540    17314.6500    16381.7637  1824183    5.39%
  19897 19088    16421.1347  1533    17314.6500    16381.7637  1830111    5.39%
  19921 19112    16456.3932  1503    17314.6500    16381.7637  1835936    5.39%
  19958 19149    16503.8214  1435    17314.6500    16381.7637  1840288    5.39%
  19998 19189    16553.5911  1412    17314.6500    16381.7637  1844666    5.39%
  20062 19253    16602.2480  1342    17314.6500    16381.7637  1847394    5.39%
  20098 19289    16406.6532  1501    17314.6500    16381.7696  1851607    5.39%
  20121 19312    16456.9478  1478    17314.6500    16381.7696  1857402    5.39%
  20153 19344    16521.0662  1462    17314.6500    16381.7696  1862529    5.39%
  20208 19399    16580.0181  1384    17314.6500    16381.7696  1866484    5.39%
Elapsed time = 5572.48 sec. (3082226.35 ticks, tree = 857.32 MB, solutions = 13)
Nodefile size = 730.02 MB (191.19 MB after compression)
  20269 19460    16384.2904  1520    17314.6500    16381.7765  1869778    5.39%
  20299 19490    16414.3704  1525    17314.6500    16381.7765  1874815    5.39%
  20323 19514    16447.7484  1541    17314.6500    16381.7765  1879293    5.39%
  20359 19550    16480.9751  1488    17314.6500    16381.7765  1883355    5.39%
  20405 19596    16517.1897  1452    17314.6500    16381.7765  1887362    5.39%
  20453 19644    16555.7120  1395    17314.6500    16381.7765  1890893    5.39%
  20489 19680    16407.5627  1507    17314.6500    16381.7765  1895013    5.39%
  20512 19703    16443.6209  1510    17314.6500    16381.7765  1900800    5.39%
  20546 19737    16500.0840  1447    17314.6500    16381.7765  1905465    5.39%
  20603 19794    16570.8536  1394    17314.6500    16381.7765  1908684    5.39%
Elapsed time = 5639.06 sec. (3121781.18 ticks, tree = 874.35 MB, solutions = 13)
Nodefile size = 747.23 MB (195.45 MB after compression)
  20669 19860    16384.4509  1522    17314.6500    16381.7923  1911488    5.39%
  20694 19885    16419.1466  1505    17314.6500    16381.7923  1916871    5.39%
  20712 19903    16440.9724  1507    17314.6500    16381.7923  1922633    5.39%
  20749 19940    16488.7396  1478    17314.6500    16381.7923  1927054    5.39%
  20797 19988    16536.9514  1397    17314.6500    16381.7923  1930928    5.39%
  20848 20039    16579.5088  1377    17314.6500    16381.7923  1934932    5.39%
  20894 20085    16405.5944  1491    17314.6500    16381.8147  1939179    5.39%
  20933 20124    16481.9838  1488    17314.6500    16381.8147  1943537    5.39%
  20992 20183    16539.2850  1444    17314.6500    16381.8147  1946714    5.39%
  21058 20249    16608.2860  1348    17314.6500    16381.8147  1949025    5.39%
Elapsed time = 5694.51 sec. (3160945.49 ticks, tree = 894.01 MB, solutions = 13)
Nodefile size = 766.28 MB (200.19 MB after compression)
  21087 20278    16405.4715  1523    17314.6500    16381.8150  1954324    5.39%
  21098 20289    16425.1541  1523    17314.6500    16381.8150  1957783    5.39%
  21126 20317    16462.8732  1484    17314.6500    16381.8150  1962762    5.39%
  21173 20364    16522.3587  1421    17314.6500    16381.8150  1966804    5.39%
  21227 20418    16585.0749  1376    17314.6500    16381.8150  1970389    5.39%
  21267 20458    16622.5212  1341    17314.6500    16381.8150  1971679    5.39%
  21295 20486    16401.2682  1505    17314.6500    16381.8172  1975210    5.39%
  21331 20522    16450.1970  1499    17314.6500    16381.8172  1979907    5.39%
  21368 20559    16489.0137  1449    17314.6500    16381.8172  1983981    5.39%
  21422 20613    16535.5316  1410    17314.6500    16381.8172  1987021    5.39%
Elapsed time = 5763.39 sec. (3203418.80 ticks, tree = 909.66 MB, solutions = 13)
Nodefile size = 781.68 MB (203.96 MB after compression)
  21471 20662    16383.1128  1528    17314.6500    16381.8233  1990795    5.39%
  21490 20681    16413.4157  1539    17314.6500    16381.8233  1996227    5.39%
  21513 20704    16449.7960  1531    17314.6500    16381.8233  2001808    5.39%
  21538 20729    16493.7735  1505    17314.6500    16381.8233  2007452    5.39%
  21579 20770    16552.0854  1434    17314.6500    16381.8233  2012381    5.39%
  21640 20831    16609.3578  1373    17314.6500    16381.8233  2015609    5.39%
  21682 20873    16392.5677  1543    17314.6500    16381.8233  2019001    5.39%
  21702 20893    16423.8718  1513    17314.6500    16381.8233  2024959    5.39%
  21725 20916    16461.2135  1481    17314.6500    16381.8233  2029802    5.39%
  21767 20958    16514.4324  1433    17314.6500    16381.8233  2033567    5.39%
Elapsed time = 5821.17 sec. (3242490.10 ticks, tree = 924.59 MB, solutions = 13)
Nodefile size = 797.09 MB (207.75 MB after compression)
  21825 21016    16582.7562  1384    17314.6500    16381.8233  2037124    5.39%
  21877 21068    16384.5282  1533    17314.6500    16381.8507  2040306    5.39%
  21899 21090    16417.9904  1527    17314.6500    16381.8507  2045448    5.39%
  21918 21109    16456.6560  1503    17314.6500    16381.8507  2051552    5.39%
  21952 21143    16501.5479  1468    17314.6500    16381.8507  2056539    5.39%
  22000 21191    16548.3681  1405    17314.6500    16381.8507  2061556    5.39%
  22061 21252    16607.6924  1347    17314.6500    16381.8507  2065033    5.39%
  22088 21279    16402.2459  1517    17314.6500    16381.8680  2070068    5.39%
  22109 21300    16439.5837  1522    17314.6500    16381.8680  2074187    5.39%
  22141 21332    16477.1493  1483    17314.6500    16381.8680  2078681    5.39%
Elapsed time = 5880.22 sec. (3281676.46 ticks, tree = 940.73 MB, solutions = 13)
Nodefile size = 813.41 MB (211.77 MB after compression)
  22188 21379    16530.6194  1429    17314.6500    16381.8680  2082858    5.39%
  22255 21446    16583.8076  1361    17314.6500    16381.8680  2085521    5.39%
  22283 21474    16393.1107  1566    17314.6500    16381.8743  2089718    5.39%
  22309 21500    16431.0725  1513    17314.6500    16381.8743  2093970    5.39%
  22338 21529    16473.4367  1501    17314.6500    16381.8743  2098541    5.39%
  22388 21579    16517.9796  1447    17314.6500    16381.8743  2102402    5.39%
  22439 21630    16564.0536  1389    17314.6500    16381.8743  2105408    5.39%
  22487 21678    16399.3767  1520    17314.6500    16381.8767  2109125    5.39%
  22508 21699    16448.3541  1531    17314.6500    16381.8767  2114262    5.39%
  22533 21724    16492.9087  1475    17314.6500    16381.8767  2119602    5.39%
Elapsed time = 5936.41 sec. (3320395.78 ticks, tree = 957.64 MB, solutions = 13)
Nodefile size = 829.72 MB (215.79 MB after compression)
  22586 21777    16544.7918  1425    17314.6500    16381.8767  2124140    5.39%
  22644 21835    16616.9026  1349    17314.6500    16381.8767  2127528    5.39%
  22690 21881    16405.6331  1503    17314.6500    16381.8974  2132128    5.39%
  22714 21905    16451.8344  1498    17314.6500    16381.8974  2137807    5.39%
  22749 21940    16505.6830  1458    17314.6500    16381.8974  2142390    5.39%
  22806 21997    16567.7660  1383    17314.6500    16381.8974  2145594    5.39%
  22869 22060    16384.2956  1519    17314.6500    16381.9231  2148861    5.39%
  22897 22088    16403.8954  1517    17314.6500    16381.9231  2152903    5.39%
  22939 22130    16446.4928  1489    17314.6500    16381.9231  2157184    5.39%
  22993 22184    16488.9269  1408    17314.6500    16381.9231  2161163    5.39%
Elapsed time = 5990.76 sec. (3359052.98 ticks, tree = 977.50 MB, solutions = 13)
Nodefile size = 849.66 MB (220.73 MB after compression)
  23069 22260    16384.4489  1543    17314.6500    16381.9285  2164683    5.39%
  23099 22290    16416.0638  1505    17314.6500    16381.9285  2169625    5.39%
  23123 22314    16463.0109  1507    17314.6500    16381.9285  2174840    5.39%
  23155 22346    16498.4066  1463    17314.6500    16381.9285  2179113    5.39%
  23206 22397    16556.3023  1377    17314.6500    16381.9285  2182972    5.39%
  23269 22460    16384.9936  1529    17314.6500    16381.9348  2186509    5.39%
  23300 22491    16428.2258  1540    17314.6500    16381.9348  2191497    5.39%
  23336 22527    16449.3402  1469    17314.6500    16381.9348  2195874    5.39%
  23373 22564    16498.2963  1456    17314.6500    16381.9348  2200319    5.39%
  23429 22620    16551.6921  1403    17314.6500    16381.9348  2202980    5.39%
Elapsed time = 6045.56 sec. (3398723.52 ticks, tree = 996.31 MB, solutions = 13)
Nodefile size = 868.70 MB (225.41 MB after compression)
  23479 22670    16387.2093  1518    17314.6500    16381.9382  2206414    5.39%
  23509 22700    16433.9174  1519    17314.6500    16381.9382  2212342    5.39%
  23545 22736    16479.9214  1480    17314.6500    16381.9382  2217314    5.39%
  23598 22789    16552.8378  1405    17314.6500    16381.9382  2221177    5.39%
  23667 22858    16619.9232  1346    17314.6500    16381.9382  2223705    5.39%
  23700 22891    16423.4604  1527    17314.6500    16381.9599  2228892    5.39%
  23729 22920    16465.2095  1485    17314.6500    16381.9599  2233965    5.39%
  23770 22961    16521.7805  1459    17314.6500    16381.9599  2237634    5.39%
  23845 23036    16599.4386  1346    17314.6500    16381.9599  2239454    5.39%
  23884 23075    16396.6120  1499    17314.6500    16381.9682  2243883    5.39%
Elapsed time = 6110.05 sec. (3442444.60 ticks, tree = 1015.96 MB, solutions = 13)
Nodefile size = 888.66 MB (230.39 MB after compression)
  23904 23095    16438.5942  1497    17314.6500    16381.9682  2249680    5.39%
  23932 23123    16489.1330  1483    17314.6500    16381.9682  2255305    5.39%
  23981 23172    16542.1184  1414    17314.6500    16381.9682  2259365    5.39%
  24042 23233    16606.3429  1352    17314.6500    16381.9682  2262224    5.39%
  24067 23258    16615.4171  1331    17314.6500    16381.9682  2262635    5.39%
  24091 23282    16407.3894  1518    17314.6500    16381.9698  2267930    5.39%
  24117 23308    16448.3615  1482    17314.6500    16381.9698  2273638    5.39%
  24153 23344    16497.3270  1446    17314.6500    16381.9698  2278771    5.39%
  24211 23402    16557.9862  1365    17314.6500    16381.9698  2282339    5.39%
  24269 23460    16384.1131  1519    17314.6500    16381.9814  2284087    5.39%
Elapsed time = 6169.03 sec. (3482751.32 ticks, tree = 1032.59 MB, solutions = 13)
Nodefile size = 904.97 MB (234.43 MB after compression)
  24301 23492    16420.3049  1528    17314.6500    16381.9814  2289688    5.39%
  24322 23513    16443.3804  1509    17314.6500    16381.9814  2294960    5.39%
  24350 23541    16476.3024  1525    17314.6500    16381.9814  2299187    5.39%
  24392 23583    16520.3226  1461    17314.6500    16381.9814  2302963    5.39%
  24439 23630    16564.4013  1417    17314.6500    16381.9814  2306259    5.39%
  24467 23658    16580.1653  1391    17314.6500    16381.9814  2307159    5.39%
  24499 23690    16423.5937  1512    17314.6500    16381.9819  2312581    5.39%
  24527 23718    16462.9957  1497    17314.6500    16381.9819  2317296    5.39%
  24580 23771    16537.4681  1420    17314.6500    16381.9819  2320684    5.39%
  24648 23839    16604.6458  1377    17314.6500    16381.9819  2323761    5.39%
Elapsed time = 6230.84 sec. (3524252.18 ticks, tree = 1048.92 MB, solutions = 13)
Nodefile size = 921.27 MB (238.44 MB after compression)
  24690 23881    16402.3468  1546    17314.6500    16381.9819  2328407    5.39%
  24723 23914    16447.5377  1502    17314.6500    16381.9819  2333612    5.39%
  24778 23969    16524.0955  1436    17314.6500    16381.9819  2337065    5.39%
  24842 24033    16610.8225  1335    17314.6500    16381.9819  2340454    5.39%
  24882 24073    16392.3651  1527    17314.6500    16381.9819  2345082    5.39%
  24909 24100    16441.5213  1498    17314.6500    16381.9819  2350828    5.39%
  24940 24131    16493.5171  1488    17314.6500    16381.9819  2355526    5.39%
  24998 24189    16557.3853  1407    17314.6500    16381.9819  2359197    5.39%
  25071 24262    16387.8160  1537    17314.6500    16382.0050  2362207    5.39%
  25109 24300    16431.0884  1491    17314.6500    16382.0050  2366500    5.39%
Elapsed time = 6285.05 sec. (3563060.41 ticks, tree = 1068.82 MB, solutions = 13)
Nodefile size = 941.22 MB (243.42 MB after compression)
  25159 24350    16491.9818  1458    17314.6500    16382.0050  2370969    5.39%
  25218 24409    16558.3750  1360    17314.6500    16382.0050  2375238    5.39%
  25272 24463    16384.9223  1553    17314.6500    16382.0320  2378454    5.39%
  25302 24493    16407.3365  1538    17314.6500    16382.0320  2383171    5.39%
  25334 24525    16448.7896  1490    17314.6500    16382.0320  2388332    5.39%
  25366 24557    16490.9329  1433    17314.6500    16382.0320  2393683    5.39%
  25416 24607    16525.1183  1386    17314.6500    16382.0320  2397311    5.39%
  25462 24653    16570.7520  1367    17314.6500    16382.0320  2400684    5.39%
  25493 24684    16401.7361  1531    17314.6500    16382.0373  2405445    5.39%
  25520 24711    16447.7091  1479    17314.6500    16382.0373  2410312    5.39%
Elapsed time = 6340.81 sec. (3601812.62 ticks, tree = 1086.54 MB, solutions = 13)
Nodefile size = 959.33 MB (247.84 MB after compression)
  25561 24752    16510.4971  1437    17314.6500    16382.0373  2414664    5.39%
  25612 24803    16559.0509  1401    17314.6500    16382.0373  2418931    5.39%
  25633 24824    16570.2579  1368    17314.6500    16382.0373  2419999    5.39%
  25667 24858    16601.3782  1335    17314.6500    16382.0373  2421771    5.39%
  25693 24884    16402.3269  1531    17314.6500    16382.0532  2426866    5.39%
  25714 24905    16441.6021  1500    17314.6500    16382.0532  2431527    5.39%
  25744 24935    16489.3087  1446    17314.6500    16382.0532  2435882    5.39%
  25792 24983    16535.4325  1415    17314.6500    16382.0532  2439915    5.39%
  25844 25035    16578.5476  1346    17314.6500    16382.0532  2443525    5.39%
  25885 25076    16392.1140  1526    17314.6500    16382.0569  2448049    5.39%
Elapsed time = 6735.83 sec. (3720540.12 ticks, tree = 1102.34 MB, solutions = 13)
Nodefile size = 974.79 MB (251.70 MB after compression)
  25912 25103    16436.6690  1495    17314.6500    16382.0569  2453373    5.39%
  25960 25151    16508.8077  1449    17314.6500    16382.0569  2457003    5.39%
  26015 25206    16565.2373  1366    17314.6500    16382.0569  2460368    5.39%
  26078 25269    16390.2224  1518    17314.6500    16382.0620  2464043    5.39%
  26100 25291    16436.2517  1485    17314.6500    16382.0620  2469153    5.39%
  26135 25326    16480.6903  1465    17314.6500    16382.0620  2473060    5.39%
  26184 25375    16528.0562  1396    17314.6500    16382.0620  2476895    5.39%
  26238 25429    16582.7185  1345    17314.6500    16382.0620  2479560    5.39%
  26282 25473    16395.5197  1551    17314.6500    16382.0668  2482680    5.39%
  26310 25501    16436.7960  1528    17314.6500    16382.0668  2488054    5.39%
Elapsed time = 6791.88 sec. (3760003.19 ticks, tree = 1120.68 MB, solutions = 13)
Nodefile size = 992.92 MB (256.12 MB after compression)
  26339 25530    16469.8250  1497    17314.6500    16382.0668  2493565    5.39%
  26383 25574    16519.8814  1427    17314.6500    16382.0668  2497528    5.39%
  26432 25623    16559.7116  1388    17314.6500    16382.0668  2500735    5.39%
  26467 25658    16582.4202  1379    17314.6500    16382.0668  2502351    5.39%
  26492 25683    16405.2655  1524    17314.6500    16382.0762  2507993    5.39%
  26518 25709    16458.6931  1506    17314.6500    16382.0762  2513171    5.39%
  26552 25743    16502.6510  1443    17314.6500    16382.0762  2518602    5.39%
  26602 25793    16545.2661  1383    17314.6500    16382.0762  2522176    5.39%
  26652 25843    16597.2990  1334    17314.6500    16382.0762  2525247    5.39%
  26683 25874    16399.0812  1521    17314.6500    16382.0792  2529830    5.39%
Elapsed time = 6856.83 sec. (3802438.74 ticks, tree = 1136.78 MB, solutions = 13)
Nodefile size = 1009.24 MB (260.15 MB after compression)
  26718 25909    16432.0329  1514    17314.6500    16382.0792  2534402    5.39%
  26766 25957    16468.1103  1430    17314.6500    16382.0792  2537780    5.39%
  26807 25998    16511.4907  1402    17314.6500    16382.0792  2541894    5.39%
  26867 26058    16556.8212  1334    17314.6500    16382.0792  2544227    5.39%
  26901 26092    16435.5885  1526    17314.6500    16382.0819  2549030    5.39%
  26935 26126    16467.1418  1478    17314.6500    16382.0819  2553370    5.39%
  26979 26170    16517.1051  1436    17314.6500    16382.0819  2557350    5.39%
  27031 26222    16571.6167  1367    17314.6500    16382.0819  2560203    5.39%
  27083 26274    16389.9887  1538    17314.6500    16382.0833  2563859    5.39%
  27109 26300    16427.5723  1520    17314.6500    16382.0833  2568971    5.39%
Elapsed time = 6953.08 sec. (3856248.22 ticks, tree = 1155.17 MB, solutions = 13)
Nodefile size = 1027.37 MB (264.60 MB after compression)
  27139 26330    16480.3606  1442    17314.6500    16382.0833  2573554    5.39%
  27184 26375    16533.0015  1409    17314.6500    16382.0833  2577403    5.39%
  27247 26438    16618.3635  1321    17314.6500    16382.0833  2580239    5.39%
  27279 26470    16393.3614  1546    17314.6500    16382.0989  2583949    5.39%
  27304 26495    16427.5667  1529    17314.6500    16382.0989  2588285    5.39%
  27343 26534    16459.8478  1467    17314.6500    16382.0989  2592447    5.39%
  27385 26576    16505.4797  1442    17314.6500    16382.0989  2596350    5.39%
  27430 26621    16532.5682  1409    17314.6500    16382.0989  2599885    5.39%
  27472 26663    16384.5031  1487    17314.6500    16382.1007  2603804    5.39%
  27507 26698    16421.9254  1505    17314.6500    16382.1007  2608264    5.39%
Elapsed time = 7010.41 sec. (3894671.78 ticks, tree = 1172.33 MB, solutions = 13)
Nodefile size = 1044.58 MB (268.82 MB after compression)
  27554 26745    16505.2794  1444    17314.6500    16382.1007  2612329    5.39%
  27619 26810    16581.8147  1353    17314.6500    16382.1007  2615842    5.39%
  27667 26858    16618.0293  1304    17314.6500    16382.1007  2617945    5.39%
  27701 26892    16409.5235  1511    17314.6500    16382.1007  2622834    5.39%
  27733 26924    16467.4276  1466    17314.6500    16382.1007  2627551    5.39%
  27780 26971    16530.0393  1432    17314.6500    16382.1007  2631878    5.39%
  27831 27022    16591.8818  1365    17314.6500    16382.1007  2636703    5.39%
  27884 27075    16391.5179  1514    17314.6500    16382.1061  2640487    5.39%
  27915 27106    16441.2044  1478    17314.6500    16382.1061  2645394    5.39%
  27953 27144    16508.9312  1451    17314.6500    16382.1061  2649251    5.39%
Elapsed time = 7084.22 sec. (3943058.41 ticks, tree = 1191.57 MB, solutions = 13)
Nodefile size = 1063.60 MB (273.47 MB after compression)
  28015 27206    16575.9126  1351    17314.6500    16382.1061  2652508    5.39%
  28076 27267    16388.2277  1530    17314.6500    16382.1143  2655521    5.39%
  28107 27298    16441.0798  1515    17314.6500    16382.1143  2660465    5.39%
  28140 27331    16477.5714  1467    17314.6500    16382.1143  2665157    5.39%
  28184 27375    16534.5852  1407    17314.6500    16382.1143  2669368    5.39%
  28236 27427    16603.3286  1346    17314.6500    16382.1143  2673125    5.39%
  28277 27468    16389.9428  1504    17314.6500    16382.1155  2676420    5.39%
  28303 27494    16432.6997  1522    17314.6500    16382.1155  2681845    5.39%
  28342 27533    16478.9449  1483    17314.6500    16382.1155  2686590    5.39%
  28399 27590    16524.7203  1424    17314.6500    16382.1155  2689691    5.39%
Elapsed time = 7139.53 sec. (3981881.12 ticks, tree = 1210.82 MB, solutions = 13)
Nodefile size = 1083.54 MB (278.39 MB after compression)
  28457 27648    16574.8183  1377    17314.6500    16382.1155  2692459    5.39%
  28487 27678    16401.1287  1531    17314.6500    16382.1261  2697707    5.39%
  28506 27697    16441.0071  1520    17314.6500    16382.1261  2703398    5.39%
  28535 27726    16481.8262  1488    17314.6500    16382.1261  2708134    5.39%
  28575 27766    16523.3473  1436    17314.6500    16382.1261  2712829    5.39%
  28614 27805    16575.5686  1384    17314.6500    16382.1261  2717575    5.39%
  28671 27860    16384.6699  1544    17314.6500    16382.1288  2721556    5.39%
  28701 27890    16411.4254  1547    17314.6500    16382.1288  2726854    5.39%
  28735 27924    16484.1400  1486    17314.6500    16382.1288  2731216    5.39%
  28787 27976    16543.7095  1417    17314.6500    16382.1288  2734967    5.39%
Elapsed time = 7196.33 sec. (4021118.86 ticks, tree = 1227.47 MB, solutions = 13)
Nodefile size = 1099.85 MB (282.40 MB after compression)
  28853 28042    16617.7282  1346    17314.6500    16382.1288  2737777    5.39%
  28867 28056    16628.3272  1324    17314.6500    16382.1288  2738211    5.39%
  28901 28090    16431.8382  1506    17314.6500    16382.1425  2743607    5.39%
  28930 28119    16472.3235  1491    17314.6500    16382.1425  2747889    5.39%
  28985 28174    16529.2276  1435    17314.6500    16382.1425  2750662    5.39%
  29043 28232    16594.3809  1364    17314.6500    16382.1425  2753579    5.39%
  29085 28274    16389.9976  1522    17314.6500    16382.1835  2757690    5.39%
  29110 28299    16437.0269  1499    17314.6500    16382.1835  2762468    5.39%
  29143 28332    16472.8523  1478    17314.6500    16382.1835  2767740    5.39%
  29190 28379    16544.4872  1405    17314.6500    16382.1835  2771472    5.39%
Elapsed time = 7258.66 sec. (4062100.46 ticks, tree = 1244.87 MB, solutions = 13)
Nodefile size = 1117.08 MB (286.63 MB after compression)
  29258 28447    16608.9552  1336    17314.6500    16382.1835  2773887    5.39%
  29293 28482    16398.2131  1490    17314.6500    16382.1856  2777625    5.39%
  29324 28513    16437.1264  1479    17314.6500    16382.1856  2782291    5.39%
  29369 28558    16503.4522  1447    17314.6500    16382.1856  2786720    5.39%
  29429 28618    16557.4141  1391    17314.6500    16382.1856  2789058    5.39%
  29478 28667    16390.9798  1523    17314.6500    16382.1857  2792177    5.39%
  29503 28692    16437.0449  1514    17314.6500    16382.1857  2797633    5.39%
  29529 28718    16481.7939  1476    17314.6500    16382.1857  2802508    5.39%
  29572 28761    16521.7257  1431    17314.6500    16382.1857  2807282    5.39%
  29606 28795    16574.8819  1405    17314.6500    16382.1857  2811714    5.39%
Elapsed time = 7315.05 sec. (4100664.88 ticks, tree = 1262.82 MB, solutions = 13)
Nodefile size = 1135.20 MB (291.10 MB after compression)
  29649 28838    16626.5678  1338    17314.6500    16382.1857  2815932    5.39%
  29677 28866    16387.0878  1517    17314.6500    16382.1867  2819557    5.39%
  29704 28893    16427.9982  1525    17314.6500    16382.1867  2825126    5.39%
  29728 28917    16462.3791  1493    17314.6500    16382.1867  2830098    5.39%
  29760 28949    16508.2764  1451    17314.6500    16382.1867  2835019    5.39%
  29804 28993    16559.8454  1373    17314.6500    16382.1867  2839128    5.39%
  29864 29053    16702.0457  1332    17314.6500    16382.1867  2842441    5.39%
  29892 29081    16402.1168  1524    17314.6500    16382.1867  2847598    5.39%
  29919 29108    16442.0710  1475    17314.6500    16382.1867  2852315    5.39%
  29964 29153    16490.0382  1414    17314.6500    16382.1867  2855928    5.39%
Elapsed time = 7371.44 sec. (4139539.18 ticks, tree = 1278.28 MB, solutions = 13)
Nodefile size = 1150.63 MB (294.96 MB after compression)
  30019 29208    16546.1548  1364    17314.6500    16382.1867  2859055    5.39%
  30070 29259    16388.9761  1560    17314.6500    16382.1895  2863814    5.39%
  30095 29284    16431.9246  1566    17314.6500    16382.1895  2869019    5.39%
  30124 29313    16476.0000  1494    17314.6500    16382.1895  2874019    5.39%
  30163 29352    16528.9171  1450    17314.6500    16382.1895  2878292    5.39%
  30213 29402    16582.2127  1392    17314.6500    16382.1895  2882504    5.39%
  30269 29458    16383.2144  1580    17314.6500    16382.1926  2884610    5.39%
  30293 29482    16422.6092  1528    17314.6500    16382.1926  2890254    5.39%
  30319 29508    16453.6043  1495    17314.6500    16382.1926  2894758    5.39%
  30364 29553    16486.0278  1457    17314.6500    16382.1926  2899832    5.39%
Elapsed time = 7428.16 sec. (4178576.07 ticks, tree = 1295.55 MB, solutions = 13)
Nodefile size = 1167.85 MB (299.20 MB after compression)
  30412 29601    16521.9419  1420    17314.6500    16382.1926  2902628    5.39%
* 30467+29534                        17275.8000    16382.1926  2904803    5.17%
Found incumbent of value 17275.800000 after 7467.36 sec. (4202352.93 ticks)
* 30467+29474                        17252.1500    16382.1926  2904803    5.04%
Found incumbent of value 17252.150000 after 7478.67 sec. (4208325.28 ticks)
  30467 29476    16576.8086  1359    17252.1500    16382.1926  2904803    5.04%
  30495 29504    16401.2012  1534    17252.1500    16382.2127  2910264    5.04%
  30535 29544    16436.7964  1460    17252.1500    16382.2127  2914704    5.04%
* 30567+29534                        17240.9500    16382.2127  2917411    4.98%
Found incumbent of value 17240.950000 after 7558.92 sec. (4249017.97 ticks)

Implied bound cuts applied:  1
Flow cuts applied:  173
Mixed integer rounding cuts applied:  1765
Lift and project cuts applied:  37
Gomory fractional cuts applied:  124

Root node processing (before b&c):
  Real time             =  297.84 sec. (158494.13 ticks)
Sequential b&c:
  Real time             = 7261.22 sec. (4091041.63 ticks)
                          ------------
Total (root+branch&cut) = 7559.06 sec. (4249535.77 ticks)
MIP status(102): integer optimal, tolerance
Cplex Time: 7559.06sec (det. 4249535.77 ticks)
Fixing integer variables, and solving final LP...
Tried aggregator 1 time.
DUAL formed by presolve
LP Presolve eliminated 5270 rows and 72788 columns.
Aggregator did 17398 substitutions.
Reduced LP has 17411 rows, 187364 columns, and 374652 nonzeros.
Presolve time = 0.25 sec. (130.51 ticks)

Iteration log . . .
Iteration:     1    Infeasibility =            17.000000
Iteration:     3    Objective     =        -17589.700000
Iteration:  1115    Objective     =        -15577.400000
Iteration:  2904    Objective     =        -12770.300000
Iteration:  3481    Objective     =         -3454.250000
Iteration:  3756    Objective     =          1663.450000
Iteration:  3934    Objective     =          2739.350000
Iteration:  4609    Objective     =          3146.600000
Iteration:  5177    Objective     =          3611.350000
Iteration:  5622    Objective     =          3822.800000
Iteration:  5979    Objective     =          4425.500000
Iteration:  6721    Objective     =          5730.550000
Iteration:  7270    Objective     =          6657.000000
Iteration:  7882    Objective     =          7176.350000
Iteration:  8471    Objective     =          7443.800000
Iteration:  8852    Objective     =          8221.950000
Iteration:  9552    Objective     =          9329.500000
Iteration: 10145    Objective     =         10420.450000
Iteration: 10786    Objective     =         10992.950000
Iteration: 11326    Objective     =         11300.600000
Iteration: 11910    Objective     =         11656.900000
Iteration: 12738    Objective     =         12692.900000
Iteration: 13591    Objective     =         13369.100000
Iteration: 14418    Objective     =         13538.650000
Iteration: 15189    Objective     =         13717.550000
Iteration: 15951    Objective     =         14139.800000
Iteration: 16660    Objective     =         14357.150000
Iteration: 17334    Objective     =         14555.850000
Iteration: 18067    Objective     =         14834.650000
Iteration: 18526    Objective     =         14954.750000
Iteration: 19114    Objective     =         15069.800000
Iteration: 19539    Objective     =         15237.000000
Iteration: 20148    Objective     =         15446.150000
Iteration: 20683    Objective     =         15638.750000
Iteration: 21092    Objective     =         15772.700000
Iteration: 21462    Objective     =         15852.750000
Iteration: 22096    Objective     =         16103.550000
Iteration: 22780    Objective     =         16304.250000
Iteration: 23406    Objective     =         16474.800000
Iteration: 23808    Objective     =         16581.300000
Iteration: 24201    Objective     =         16686.400000
Iteration: 24733    Objective     =         16764.500000
Iteration: 25384    Objective     =         16893.900000
Iteration: 25877    Objective     =         16948.250000
Iteration: 26431    Objective     =         17012.900000
Iteration: 26822    Objective     =         17051.050000
Iteration: 27276    Objective     =         17104.750000
Iteration: 27793    Objective     =         17147.750000
Iteration: 28226    Objective     =         17179.100000
Iteration: 28820    Objective     =         17218.450000
Iteration: 29166    Objective     =         17234.450000
Fixed MIP status(1): optimal
Cplex Time: 1.84sec (det. 1834.65 ticks)

Solution satisfies tolerances.

MIP Solution:        17240.950000    (2917411 iterations, 30567 nodes)
Final Solve:         17240.950000    (29393 iterations)

Best possible:       16382.212732
Absolute gap:          858.737268
Relative gap:            0.049808

--- Restarting execution
--- stochastic.gms(267) 16 Mb
--- Reading solution for model stochastic
--- stochastic.gms(267) 32 Mb
--- Executing after solve: elapsed 2:06:10.232
--- stochastic.gms(270) 32 Mb

GDXXRW           24.1.2 r40979 Released Jun 16, 2013 VS8 x86/MS Windows       
Input file : C:\Users\RAYAN POOYESH\Documents\gamsdir\stochastic\Data.gdx
Output file: C:\Users\RAYAN POOYESH\Documents\gamsdir\stochastic\Data.xlsx
Total time = 1281 Ms
--- stochastic.gms(276) 32 Mb
*** Status: Normal completion
--- Job stochastic.gms Stop 06/06/16 23:29:31 elapsed 2:06:11.643
